[2025-12-04T14:48:44.001+0600] {processor.py:157} INFO - Started process (PID=7788) to work on /Users/nursultantolegen/projectdata/.venv/lib/python3.10/site-packages/airflow/example_dags/example_complex.py
[2025-12-04T14:48:44.002+0600] {processor.py:829} INFO - Processing file /Users/nursultantolegen/projectdata/.venv/lib/python3.10/site-packages/airflow/example_dags/example_complex.py for tasks to queue
[2025-12-04T14:48:44.002+0600] {logging_mixin.py:151} INFO - [2025-12-04T14:48:44.002+0600] {dagbag.py:539} INFO - Filling up the DagBag from /Users/nursultantolegen/projectdata/.venv/lib/python3.10/site-packages/airflow/example_dags/example_complex.py
[2025-12-04T14:48:44.011+0600] {logging_mixin.py:151} WARNING - /Users/nursultantolegen/projectdata/.venv/lib/python3.10/site-packages/airflow/serialization/pydantic/dataset.py:23 PydanticDeprecatedSince20: Support for class-based `config` is deprecated, use ConfigDict instead. Deprecated in Pydantic V2.0 to be removed in V3.0. See Pydantic V2 Migration Guide at https://errors.pydantic.dev/2.12/migration/
[2025-12-04T14:48:44.012+0600] {logging_mixin.py:151} WARNING - /Users/nursultantolegen/projectdata/.venv/lib/python3.10/site-packages/airflow/serialization/pydantic/dataset.py:38 PydanticDeprecatedSince20: Support for class-based `config` is deprecated, use ConfigDict instead. Deprecated in Pydantic V2.0 to be removed in V3.0. See Pydantic V2 Migration Guide at https://errors.pydantic.dev/2.12/migration/
[2025-12-04T14:48:44.013+0600] {logging_mixin.py:151} WARNING - /Users/nursultantolegen/projectdata/.venv/lib/python3.10/site-packages/airflow/serialization/pydantic/dataset.py:54 PydanticDeprecatedSince20: Support for class-based `config` is deprecated, use ConfigDict instead. Deprecated in Pydantic V2.0 to be removed in V3.0. See Pydantic V2 Migration Guide at https://errors.pydantic.dev/2.12/migration/
[2025-12-04T14:48:44.014+0600] {logging_mixin.py:151} WARNING - /Users/nursultantolegen/projectdata/.venv/lib/python3.10/site-packages/airflow/serialization/pydantic/dataset.py:74 PydanticDeprecatedSince20: Support for class-based `config` is deprecated, use ConfigDict instead. Deprecated in Pydantic V2.0 to be removed in V3.0. See Pydantic V2 Migration Guide at https://errors.pydantic.dev/2.12/migration/
[2025-12-04T14:48:44.014+0600] {logging_mixin.py:151} WARNING - /Users/nursultantolegen/projectdata/.venv/lib/python3.10/site-packages/airflow/serialization/pydantic/dag_run.py:26 PydanticDeprecatedSince20: Support for class-based `config` is deprecated, use ConfigDict instead. Deprecated in Pydantic V2.0 to be removed in V3.0. See Pydantic V2 Migration Guide at https://errors.pydantic.dev/2.12/migration/
[2025-12-04T14:48:44.016+0600] {processor.py:839} INFO - DAG(s) dict_keys(['example_complex']) retrieved from /Users/nursultantolegen/projectdata/.venv/lib/python3.10/site-packages/airflow/example_dags/example_complex.py
[2025-12-04T14:48:44.028+0600] {logging_mixin.py:151} WARNING - /Users/nursultantolegen/projectdata/.venv/lib/python3.10/site-packages/airflow/serialization/pydantic/taskinstance.py:27 PydanticDeprecatedSince20: Support for class-based `config` is deprecated, use ConfigDict instead. Deprecated in Pydantic V2.0 to be removed in V3.0. See Pydantic V2 Migration Guide at https://errors.pydantic.dev/2.12/migration/
[2025-12-04T14:48:44.087+0600] {logging_mixin.py:151} INFO - [2025-12-04T14:48:44.087+0600] {dag.py:2915} INFO - Sync 1 DAGs
[2025-12-04T14:48:44.092+0600] {logging_mixin.py:151} INFO - [2025-12-04T14:48:44.092+0600] {dag.py:3696} INFO - Setting next_dagrun for example_complex to None, run_after=None
[2025-12-04T14:48:44.100+0600] {processor.py:179} INFO - Processing /Users/nursultantolegen/projectdata/.venv/lib/python3.10/site-packages/airflow/example_dags/example_complex.py took 0.100 seconds
[2025-12-04T14:50:14.175+0600] {processor.py:157} INFO - Started process (PID=7976) to work on /Users/nursultantolegen/projectdata/.venv/lib/python3.10/site-packages/airflow/example_dags/example_complex.py
[2025-12-04T14:50:14.176+0600] {processor.py:829} INFO - Processing file /Users/nursultantolegen/projectdata/.venv/lib/python3.10/site-packages/airflow/example_dags/example_complex.py for tasks to queue
[2025-12-04T14:50:14.176+0600] {logging_mixin.py:151} INFO - [2025-12-04T14:50:14.176+0600] {dagbag.py:539} INFO - Filling up the DagBag from /Users/nursultantolegen/projectdata/.venv/lib/python3.10/site-packages/airflow/example_dags/example_complex.py
[2025-12-04T14:50:14.185+0600] {logging_mixin.py:151} WARNING - /Users/nursultantolegen/projectdata/.venv/lib/python3.10/site-packages/airflow/serialization/pydantic/dataset.py:23 PydanticDeprecatedSince20: Support for class-based `config` is deprecated, use ConfigDict instead. Deprecated in Pydantic V2.0 to be removed in V3.0. See Pydantic V2 Migration Guide at https://errors.pydantic.dev/2.12/migration/
[2025-12-04T14:50:14.186+0600] {logging_mixin.py:151} WARNING - /Users/nursultantolegen/projectdata/.venv/lib/python3.10/site-packages/airflow/serialization/pydantic/dataset.py:38 PydanticDeprecatedSince20: Support for class-based `config` is deprecated, use ConfigDict instead. Deprecated in Pydantic V2.0 to be removed in V3.0. See Pydantic V2 Migration Guide at https://errors.pydantic.dev/2.12/migration/
[2025-12-04T14:50:14.186+0600] {logging_mixin.py:151} WARNING - /Users/nursultantolegen/projectdata/.venv/lib/python3.10/site-packages/airflow/serialization/pydantic/dataset.py:54 PydanticDeprecatedSince20: Support for class-based `config` is deprecated, use ConfigDict instead. Deprecated in Pydantic V2.0 to be removed in V3.0. See Pydantic V2 Migration Guide at https://errors.pydantic.dev/2.12/migration/
[2025-12-04T14:50:14.187+0600] {logging_mixin.py:151} WARNING - /Users/nursultantolegen/projectdata/.venv/lib/python3.10/site-packages/airflow/serialization/pydantic/dataset.py:74 PydanticDeprecatedSince20: Support for class-based `config` is deprecated, use ConfigDict instead. Deprecated in Pydantic V2.0 to be removed in V3.0. See Pydantic V2 Migration Guide at https://errors.pydantic.dev/2.12/migration/
[2025-12-04T14:50:14.188+0600] {logging_mixin.py:151} WARNING - /Users/nursultantolegen/projectdata/.venv/lib/python3.10/site-packages/airflow/serialization/pydantic/dag_run.py:26 PydanticDeprecatedSince20: Support for class-based `config` is deprecated, use ConfigDict instead. Deprecated in Pydantic V2.0 to be removed in V3.0. See Pydantic V2 Migration Guide at https://errors.pydantic.dev/2.12/migration/
[2025-12-04T14:50:14.190+0600] {processor.py:839} INFO - DAG(s) dict_keys(['example_complex']) retrieved from /Users/nursultantolegen/projectdata/.venv/lib/python3.10/site-packages/airflow/example_dags/example_complex.py
[2025-12-04T14:50:14.202+0600] {logging_mixin.py:151} WARNING - /Users/nursultantolegen/projectdata/.venv/lib/python3.10/site-packages/airflow/serialization/pydantic/taskinstance.py:27 PydanticDeprecatedSince20: Support for class-based `config` is deprecated, use ConfigDict instead. Deprecated in Pydantic V2.0 to be removed in V3.0. See Pydantic V2 Migration Guide at https://errors.pydantic.dev/2.12/migration/
[2025-12-04T14:50:14.262+0600] {logging_mixin.py:151} INFO - [2025-12-04T14:50:14.262+0600] {dag.py:2915} INFO - Sync 1 DAGs
[2025-12-04T14:50:14.266+0600] {logging_mixin.py:151} INFO - [2025-12-04T14:50:14.266+0600] {dag.py:3696} INFO - Setting next_dagrun for example_complex to None, run_after=None
[2025-12-04T14:50:14.273+0600] {processor.py:179} INFO - Processing /Users/nursultantolegen/projectdata/.venv/lib/python3.10/site-packages/airflow/example_dags/example_complex.py took 0.099 seconds
[2025-12-04T14:51:51.484+0600] {processor.py:157} INFO - Started process (PID=8178) to work on /Users/nursultantolegen/projectdata/.venv/lib/python3.10/site-packages/airflow/example_dags/example_complex.py
[2025-12-04T14:51:51.485+0600] {processor.py:829} INFO - Processing file /Users/nursultantolegen/projectdata/.venv/lib/python3.10/site-packages/airflow/example_dags/example_complex.py for tasks to queue
[2025-12-04T14:51:51.485+0600] {logging_mixin.py:151} INFO - [2025-12-04T14:51:51.485+0600] {dagbag.py:539} INFO - Filling up the DagBag from /Users/nursultantolegen/projectdata/.venv/lib/python3.10/site-packages/airflow/example_dags/example_complex.py
[2025-12-04T14:51:51.493+0600] {logging_mixin.py:151} WARNING - /Users/nursultantolegen/projectdata/.venv/lib/python3.10/site-packages/airflow/serialization/pydantic/dataset.py:23 PydanticDeprecatedSince20: Support for class-based `config` is deprecated, use ConfigDict instead. Deprecated in Pydantic V2.0 to be removed in V3.0. See Pydantic V2 Migration Guide at https://errors.pydantic.dev/2.12/migration/
[2025-12-04T14:51:51.494+0600] {logging_mixin.py:151} WARNING - /Users/nursultantolegen/projectdata/.venv/lib/python3.10/site-packages/airflow/serialization/pydantic/dataset.py:38 PydanticDeprecatedSince20: Support for class-based `config` is deprecated, use ConfigDict instead. Deprecated in Pydantic V2.0 to be removed in V3.0. See Pydantic V2 Migration Guide at https://errors.pydantic.dev/2.12/migration/
[2025-12-04T14:51:51.495+0600] {logging_mixin.py:151} WARNING - /Users/nursultantolegen/projectdata/.venv/lib/python3.10/site-packages/airflow/serialization/pydantic/dataset.py:54 PydanticDeprecatedSince20: Support for class-based `config` is deprecated, use ConfigDict instead. Deprecated in Pydantic V2.0 to be removed in V3.0. See Pydantic V2 Migration Guide at https://errors.pydantic.dev/2.12/migration/
[2025-12-04T14:51:51.496+0600] {logging_mixin.py:151} WARNING - /Users/nursultantolegen/projectdata/.venv/lib/python3.10/site-packages/airflow/serialization/pydantic/dataset.py:74 PydanticDeprecatedSince20: Support for class-based `config` is deprecated, use ConfigDict instead. Deprecated in Pydantic V2.0 to be removed in V3.0. See Pydantic V2 Migration Guide at https://errors.pydantic.dev/2.12/migration/
[2025-12-04T14:51:51.496+0600] {logging_mixin.py:151} WARNING - /Users/nursultantolegen/projectdata/.venv/lib/python3.10/site-packages/airflow/serialization/pydantic/dag_run.py:26 PydanticDeprecatedSince20: Support for class-based `config` is deprecated, use ConfigDict instead. Deprecated in Pydantic V2.0 to be removed in V3.0. See Pydantic V2 Migration Guide at https://errors.pydantic.dev/2.12/migration/
[2025-12-04T14:51:51.498+0600] {processor.py:839} INFO - DAG(s) dict_keys(['example_complex']) retrieved from /Users/nursultantolegen/projectdata/.venv/lib/python3.10/site-packages/airflow/example_dags/example_complex.py
[2025-12-04T14:51:51.508+0600] {logging_mixin.py:151} WARNING - /Users/nursultantolegen/projectdata/.venv/lib/python3.10/site-packages/airflow/serialization/pydantic/taskinstance.py:27 PydanticDeprecatedSince20: Support for class-based `config` is deprecated, use ConfigDict instead. Deprecated in Pydantic V2.0 to be removed in V3.0. See Pydantic V2 Migration Guide at https://errors.pydantic.dev/2.12/migration/
[2025-12-04T14:51:51.562+0600] {logging_mixin.py:151} INFO - [2025-12-04T14:51:51.562+0600] {dag.py:2915} INFO - Sync 1 DAGs
[2025-12-04T14:51:51.565+0600] {logging_mixin.py:151} INFO - [2025-12-04T14:51:51.565+0600] {dag.py:3696} INFO - Setting next_dagrun for example_complex to None, run_after=None
[2025-12-04T14:51:51.572+0600] {processor.py:179} INFO - Processing /Users/nursultantolegen/projectdata/.venv/lib/python3.10/site-packages/airflow/example_dags/example_complex.py took 0.089 seconds
[2025-12-04T14:53:12.125+0600] {processor.py:157} INFO - Started process (PID=8355) to work on /Users/nursultantolegen/projectdata/.venv/lib/python3.10/site-packages/airflow/example_dags/example_complex.py
[2025-12-04T14:53:12.126+0600] {processor.py:829} INFO - Processing file /Users/nursultantolegen/projectdata/.venv/lib/python3.10/site-packages/airflow/example_dags/example_complex.py for tasks to queue
[2025-12-04T14:53:12.126+0600] {logging_mixin.py:151} INFO - [2025-12-04T14:53:12.126+0600] {dagbag.py:539} INFO - Filling up the DagBag from /Users/nursultantolegen/projectdata/.venv/lib/python3.10/site-packages/airflow/example_dags/example_complex.py
[2025-12-04T14:53:12.134+0600] {logging_mixin.py:151} WARNING - /Users/nursultantolegen/projectdata/.venv/lib/python3.10/site-packages/airflow/serialization/pydantic/dataset.py:23 PydanticDeprecatedSince20: Support for class-based `config` is deprecated, use ConfigDict instead. Deprecated in Pydantic V2.0 to be removed in V3.0. See Pydantic V2 Migration Guide at https://errors.pydantic.dev/2.12/migration/
[2025-12-04T14:53:12.135+0600] {logging_mixin.py:151} WARNING - /Users/nursultantolegen/projectdata/.venv/lib/python3.10/site-packages/airflow/serialization/pydantic/dataset.py:38 PydanticDeprecatedSince20: Support for class-based `config` is deprecated, use ConfigDict instead. Deprecated in Pydantic V2.0 to be removed in V3.0. See Pydantic V2 Migration Guide at https://errors.pydantic.dev/2.12/migration/
[2025-12-04T14:53:12.136+0600] {logging_mixin.py:151} WARNING - /Users/nursultantolegen/projectdata/.venv/lib/python3.10/site-packages/airflow/serialization/pydantic/dataset.py:54 PydanticDeprecatedSince20: Support for class-based `config` is deprecated, use ConfigDict instead. Deprecated in Pydantic V2.0 to be removed in V3.0. See Pydantic V2 Migration Guide at https://errors.pydantic.dev/2.12/migration/
[2025-12-04T14:53:12.137+0600] {logging_mixin.py:151} WARNING - /Users/nursultantolegen/projectdata/.venv/lib/python3.10/site-packages/airflow/serialization/pydantic/dataset.py:74 PydanticDeprecatedSince20: Support for class-based `config` is deprecated, use ConfigDict instead. Deprecated in Pydantic V2.0 to be removed in V3.0. See Pydantic V2 Migration Guide at https://errors.pydantic.dev/2.12/migration/
[2025-12-04T14:53:12.137+0600] {logging_mixin.py:151} WARNING - /Users/nursultantolegen/projectdata/.venv/lib/python3.10/site-packages/airflow/serialization/pydantic/dag_run.py:26 PydanticDeprecatedSince20: Support for class-based `config` is deprecated, use ConfigDict instead. Deprecated in Pydantic V2.0 to be removed in V3.0. See Pydantic V2 Migration Guide at https://errors.pydantic.dev/2.12/migration/
[2025-12-04T14:53:12.139+0600] {processor.py:839} INFO - DAG(s) dict_keys(['example_complex']) retrieved from /Users/nursultantolegen/projectdata/.venv/lib/python3.10/site-packages/airflow/example_dags/example_complex.py
[2025-12-04T14:53:12.149+0600] {logging_mixin.py:151} WARNING - /Users/nursultantolegen/projectdata/.venv/lib/python3.10/site-packages/airflow/serialization/pydantic/taskinstance.py:27 PydanticDeprecatedSince20: Support for class-based `config` is deprecated, use ConfigDict instead. Deprecated in Pydantic V2.0 to be removed in V3.0. See Pydantic V2 Migration Guide at https://errors.pydantic.dev/2.12/migration/
[2025-12-04T14:53:12.205+0600] {logging_mixin.py:151} INFO - [2025-12-04T14:53:12.205+0600] {dag.py:2915} INFO - Sync 1 DAGs
[2025-12-04T14:53:12.209+0600] {logging_mixin.py:151} INFO - [2025-12-04T14:53:12.209+0600] {dag.py:3696} INFO - Setting next_dagrun for example_complex to None, run_after=None
[2025-12-04T14:53:12.216+0600] {processor.py:179} INFO - Processing /Users/nursultantolegen/projectdata/.venv/lib/python3.10/site-packages/airflow/example_dags/example_complex.py took 0.091 seconds
[2025-12-04T14:54:43.342+0600] {processor.py:157} INFO - Started process (PID=8538) to work on /Users/nursultantolegen/projectdata/.venv/lib/python3.10/site-packages/airflow/example_dags/example_complex.py
[2025-12-04T14:54:43.343+0600] {processor.py:829} INFO - Processing file /Users/nursultantolegen/projectdata/.venv/lib/python3.10/site-packages/airflow/example_dags/example_complex.py for tasks to queue
[2025-12-04T14:54:43.344+0600] {logging_mixin.py:151} INFO - [2025-12-04T14:54:43.344+0600] {dagbag.py:539} INFO - Filling up the DagBag from /Users/nursultantolegen/projectdata/.venv/lib/python3.10/site-packages/airflow/example_dags/example_complex.py
[2025-12-04T14:54:43.352+0600] {logging_mixin.py:151} WARNING - /Users/nursultantolegen/projectdata/.venv/lib/python3.10/site-packages/airflow/serialization/pydantic/dataset.py:23 PydanticDeprecatedSince20: Support for class-based `config` is deprecated, use ConfigDict instead. Deprecated in Pydantic V2.0 to be removed in V3.0. See Pydantic V2 Migration Guide at https://errors.pydantic.dev/2.12/migration/
[2025-12-04T14:54:43.353+0600] {logging_mixin.py:151} WARNING - /Users/nursultantolegen/projectdata/.venv/lib/python3.10/site-packages/airflow/serialization/pydantic/dataset.py:38 PydanticDeprecatedSince20: Support for class-based `config` is deprecated, use ConfigDict instead. Deprecated in Pydantic V2.0 to be removed in V3.0. See Pydantic V2 Migration Guide at https://errors.pydantic.dev/2.12/migration/
[2025-12-04T14:54:43.353+0600] {logging_mixin.py:151} WARNING - /Users/nursultantolegen/projectdata/.venv/lib/python3.10/site-packages/airflow/serialization/pydantic/dataset.py:54 PydanticDeprecatedSince20: Support for class-based `config` is deprecated, use ConfigDict instead. Deprecated in Pydantic V2.0 to be removed in V3.0. See Pydantic V2 Migration Guide at https://errors.pydantic.dev/2.12/migration/
[2025-12-04T14:54:43.354+0600] {logging_mixin.py:151} WARNING - /Users/nursultantolegen/projectdata/.venv/lib/python3.10/site-packages/airflow/serialization/pydantic/dataset.py:74 PydanticDeprecatedSince20: Support for class-based `config` is deprecated, use ConfigDict instead. Deprecated in Pydantic V2.0 to be removed in V3.0. See Pydantic V2 Migration Guide at https://errors.pydantic.dev/2.12/migration/
[2025-12-04T14:54:43.355+0600] {logging_mixin.py:151} WARNING - /Users/nursultantolegen/projectdata/.venv/lib/python3.10/site-packages/airflow/serialization/pydantic/dag_run.py:26 PydanticDeprecatedSince20: Support for class-based `config` is deprecated, use ConfigDict instead. Deprecated in Pydantic V2.0 to be removed in V3.0. See Pydantic V2 Migration Guide at https://errors.pydantic.dev/2.12/migration/
[2025-12-04T14:54:43.356+0600] {processor.py:839} INFO - DAG(s) dict_keys(['example_complex']) retrieved from /Users/nursultantolegen/projectdata/.venv/lib/python3.10/site-packages/airflow/example_dags/example_complex.py
[2025-12-04T14:54:43.367+0600] {logging_mixin.py:151} WARNING - /Users/nursultantolegen/projectdata/.venv/lib/python3.10/site-packages/airflow/serialization/pydantic/taskinstance.py:27 PydanticDeprecatedSince20: Support for class-based `config` is deprecated, use ConfigDict instead. Deprecated in Pydantic V2.0 to be removed in V3.0. See Pydantic V2 Migration Guide at https://errors.pydantic.dev/2.12/migration/
[2025-12-04T14:54:43.421+0600] {logging_mixin.py:151} INFO - [2025-12-04T14:54:43.421+0600] {dag.py:2915} INFO - Sync 1 DAGs
[2025-12-04T14:54:43.425+0600] {logging_mixin.py:151} INFO - [2025-12-04T14:54:43.425+0600] {dag.py:3696} INFO - Setting next_dagrun for example_complex to None, run_after=None
[2025-12-04T14:54:43.432+0600] {processor.py:179} INFO - Processing /Users/nursultantolegen/projectdata/.venv/lib/python3.10/site-packages/airflow/example_dags/example_complex.py took 0.090 seconds
[2025-12-04T14:56:09.989+0600] {processor.py:157} INFO - Started process (PID=8728) to work on /Users/nursultantolegen/projectdata/.venv/lib/python3.10/site-packages/airflow/example_dags/example_complex.py
[2025-12-04T14:56:09.990+0600] {processor.py:829} INFO - Processing file /Users/nursultantolegen/projectdata/.venv/lib/python3.10/site-packages/airflow/example_dags/example_complex.py for tasks to queue
[2025-12-04T14:56:09.990+0600] {logging_mixin.py:151} INFO - [2025-12-04T14:56:09.990+0600] {dagbag.py:539} INFO - Filling up the DagBag from /Users/nursultantolegen/projectdata/.venv/lib/python3.10/site-packages/airflow/example_dags/example_complex.py
[2025-12-04T14:56:09.998+0600] {logging_mixin.py:151} WARNING - /Users/nursultantolegen/projectdata/.venv/lib/python3.10/site-packages/airflow/serialization/pydantic/dataset.py:23 PydanticDeprecatedSince20: Support for class-based `config` is deprecated, use ConfigDict instead. Deprecated in Pydantic V2.0 to be removed in V3.0. See Pydantic V2 Migration Guide at https://errors.pydantic.dev/2.12/migration/
[2025-12-04T14:56:09.999+0600] {logging_mixin.py:151} WARNING - /Users/nursultantolegen/projectdata/.venv/lib/python3.10/site-packages/airflow/serialization/pydantic/dataset.py:38 PydanticDeprecatedSince20: Support for class-based `config` is deprecated, use ConfigDict instead. Deprecated in Pydantic V2.0 to be removed in V3.0. See Pydantic V2 Migration Guide at https://errors.pydantic.dev/2.12/migration/
[2025-12-04T14:56:10.000+0600] {logging_mixin.py:151} WARNING - /Users/nursultantolegen/projectdata/.venv/lib/python3.10/site-packages/airflow/serialization/pydantic/dataset.py:54 PydanticDeprecatedSince20: Support for class-based `config` is deprecated, use ConfigDict instead. Deprecated in Pydantic V2.0 to be removed in V3.0. See Pydantic V2 Migration Guide at https://errors.pydantic.dev/2.12/migration/
[2025-12-04T14:56:10.001+0600] {logging_mixin.py:151} WARNING - /Users/nursultantolegen/projectdata/.venv/lib/python3.10/site-packages/airflow/serialization/pydantic/dataset.py:74 PydanticDeprecatedSince20: Support for class-based `config` is deprecated, use ConfigDict instead. Deprecated in Pydantic V2.0 to be removed in V3.0. See Pydantic V2 Migration Guide at https://errors.pydantic.dev/2.12/migration/
[2025-12-04T14:56:10.002+0600] {logging_mixin.py:151} WARNING - /Users/nursultantolegen/projectdata/.venv/lib/python3.10/site-packages/airflow/serialization/pydantic/dag_run.py:26 PydanticDeprecatedSince20: Support for class-based `config` is deprecated, use ConfigDict instead. Deprecated in Pydantic V2.0 to be removed in V3.0. See Pydantic V2 Migration Guide at https://errors.pydantic.dev/2.12/migration/
[2025-12-04T14:56:10.003+0600] {processor.py:839} INFO - DAG(s) dict_keys(['example_complex']) retrieved from /Users/nursultantolegen/projectdata/.venv/lib/python3.10/site-packages/airflow/example_dags/example_complex.py
[2025-12-04T14:56:10.013+0600] {logging_mixin.py:151} WARNING - /Users/nursultantolegen/projectdata/.venv/lib/python3.10/site-packages/airflow/serialization/pydantic/taskinstance.py:27 PydanticDeprecatedSince20: Support for class-based `config` is deprecated, use ConfigDict instead. Deprecated in Pydantic V2.0 to be removed in V3.0. See Pydantic V2 Migration Guide at https://errors.pydantic.dev/2.12/migration/
[2025-12-04T14:56:10.068+0600] {logging_mixin.py:151} INFO - [2025-12-04T14:56:10.068+0600] {dag.py:2915} INFO - Sync 1 DAGs
[2025-12-04T14:56:10.071+0600] {logging_mixin.py:151} INFO - [2025-12-04T14:56:10.071+0600] {dag.py:3696} INFO - Setting next_dagrun for example_complex to None, run_after=None
[2025-12-04T14:56:10.078+0600] {processor.py:179} INFO - Processing /Users/nursultantolegen/projectdata/.venv/lib/python3.10/site-packages/airflow/example_dags/example_complex.py took 0.089 seconds
[2025-12-04T14:57:24.839+0600] {processor.py:157} INFO - Started process (PID=8891) to work on /Users/nursultantolegen/projectdata/.venv/lib/python3.10/site-packages/airflow/example_dags/example_complex.py
[2025-12-04T14:57:24.839+0600] {processor.py:829} INFO - Processing file /Users/nursultantolegen/projectdata/.venv/lib/python3.10/site-packages/airflow/example_dags/example_complex.py for tasks to queue
[2025-12-04T14:57:24.840+0600] {logging_mixin.py:151} INFO - [2025-12-04T14:57:24.840+0600] {dagbag.py:539} INFO - Filling up the DagBag from /Users/nursultantolegen/projectdata/.venv/lib/python3.10/site-packages/airflow/example_dags/example_complex.py
[2025-12-04T14:57:24.848+0600] {logging_mixin.py:151} WARNING - /Users/nursultantolegen/projectdata/.venv/lib/python3.10/site-packages/airflow/serialization/pydantic/dataset.py:23 PydanticDeprecatedSince20: Support for class-based `config` is deprecated, use ConfigDict instead. Deprecated in Pydantic V2.0 to be removed in V3.0. See Pydantic V2 Migration Guide at https://errors.pydantic.dev/2.12/migration/
[2025-12-04T14:57:24.849+0600] {logging_mixin.py:151} WARNING - /Users/nursultantolegen/projectdata/.venv/lib/python3.10/site-packages/airflow/serialization/pydantic/dataset.py:38 PydanticDeprecatedSince20: Support for class-based `config` is deprecated, use ConfigDict instead. Deprecated in Pydantic V2.0 to be removed in V3.0. See Pydantic V2 Migration Guide at https://errors.pydantic.dev/2.12/migration/
[2025-12-04T14:57:24.849+0600] {logging_mixin.py:151} WARNING - /Users/nursultantolegen/projectdata/.venv/lib/python3.10/site-packages/airflow/serialization/pydantic/dataset.py:54 PydanticDeprecatedSince20: Support for class-based `config` is deprecated, use ConfigDict instead. Deprecated in Pydantic V2.0 to be removed in V3.0. See Pydantic V2 Migration Guide at https://errors.pydantic.dev/2.12/migration/
[2025-12-04T14:57:24.850+0600] {logging_mixin.py:151} WARNING - /Users/nursultantolegen/projectdata/.venv/lib/python3.10/site-packages/airflow/serialization/pydantic/dataset.py:74 PydanticDeprecatedSince20: Support for class-based `config` is deprecated, use ConfigDict instead. Deprecated in Pydantic V2.0 to be removed in V3.0. See Pydantic V2 Migration Guide at https://errors.pydantic.dev/2.12/migration/
[2025-12-04T14:57:24.851+0600] {logging_mixin.py:151} WARNING - /Users/nursultantolegen/projectdata/.venv/lib/python3.10/site-packages/airflow/serialization/pydantic/dag_run.py:26 PydanticDeprecatedSince20: Support for class-based `config` is deprecated, use ConfigDict instead. Deprecated in Pydantic V2.0 to be removed in V3.0. See Pydantic V2 Migration Guide at https://errors.pydantic.dev/2.12/migration/
[2025-12-04T14:57:24.852+0600] {processor.py:839} INFO - DAG(s) dict_keys(['example_complex']) retrieved from /Users/nursultantolegen/projectdata/.venv/lib/python3.10/site-packages/airflow/example_dags/example_complex.py
[2025-12-04T14:57:24.862+0600] {logging_mixin.py:151} WARNING - /Users/nursultantolegen/projectdata/.venv/lib/python3.10/site-packages/airflow/serialization/pydantic/taskinstance.py:27 PydanticDeprecatedSince20: Support for class-based `config` is deprecated, use ConfigDict instead. Deprecated in Pydantic V2.0 to be removed in V3.0. See Pydantic V2 Migration Guide at https://errors.pydantic.dev/2.12/migration/
[2025-12-04T14:57:24.917+0600] {logging_mixin.py:151} INFO - [2025-12-04T14:57:24.917+0600] {dag.py:2915} INFO - Sync 1 DAGs
[2025-12-04T14:57:24.921+0600] {logging_mixin.py:151} INFO - [2025-12-04T14:57:24.921+0600] {dag.py:3696} INFO - Setting next_dagrun for example_complex to None, run_after=None
[2025-12-04T14:57:24.928+0600] {processor.py:179} INFO - Processing /Users/nursultantolegen/projectdata/.venv/lib/python3.10/site-packages/airflow/example_dags/example_complex.py took 0.090 seconds
[2025-12-04T14:58:56.010+0600] {processor.py:157} INFO - Started process (PID=9089) to work on /Users/nursultantolegen/projectdata/.venv/lib/python3.10/site-packages/airflow/example_dags/example_complex.py
[2025-12-04T14:58:56.011+0600] {processor.py:829} INFO - Processing file /Users/nursultantolegen/projectdata/.venv/lib/python3.10/site-packages/airflow/example_dags/example_complex.py for tasks to queue
[2025-12-04T14:58:56.011+0600] {logging_mixin.py:151} INFO - [2025-12-04T14:58:56.011+0600] {dagbag.py:539} INFO - Filling up the DagBag from /Users/nursultantolegen/projectdata/.venv/lib/python3.10/site-packages/airflow/example_dags/example_complex.py
[2025-12-04T14:58:56.019+0600] {logging_mixin.py:151} WARNING - /Users/nursultantolegen/projectdata/.venv/lib/python3.10/site-packages/airflow/serialization/pydantic/dataset.py:23 PydanticDeprecatedSince20: Support for class-based `config` is deprecated, use ConfigDict instead. Deprecated in Pydantic V2.0 to be removed in V3.0. See Pydantic V2 Migration Guide at https://errors.pydantic.dev/2.12/migration/
[2025-12-04T14:58:56.020+0600] {logging_mixin.py:151} WARNING - /Users/nursultantolegen/projectdata/.venv/lib/python3.10/site-packages/airflow/serialization/pydantic/dataset.py:38 PydanticDeprecatedSince20: Support for class-based `config` is deprecated, use ConfigDict instead. Deprecated in Pydantic V2.0 to be removed in V3.0. See Pydantic V2 Migration Guide at https://errors.pydantic.dev/2.12/migration/
[2025-12-04T14:58:56.021+0600] {logging_mixin.py:151} WARNING - /Users/nursultantolegen/projectdata/.venv/lib/python3.10/site-packages/airflow/serialization/pydantic/dataset.py:54 PydanticDeprecatedSince20: Support for class-based `config` is deprecated, use ConfigDict instead. Deprecated in Pydantic V2.0 to be removed in V3.0. See Pydantic V2 Migration Guide at https://errors.pydantic.dev/2.12/migration/
[2025-12-04T14:58:56.022+0600] {logging_mixin.py:151} WARNING - /Users/nursultantolegen/projectdata/.venv/lib/python3.10/site-packages/airflow/serialization/pydantic/dataset.py:74 PydanticDeprecatedSince20: Support for class-based `config` is deprecated, use ConfigDict instead. Deprecated in Pydantic V2.0 to be removed in V3.0. See Pydantic V2 Migration Guide at https://errors.pydantic.dev/2.12/migration/
[2025-12-04T14:58:56.022+0600] {logging_mixin.py:151} WARNING - /Users/nursultantolegen/projectdata/.venv/lib/python3.10/site-packages/airflow/serialization/pydantic/dag_run.py:26 PydanticDeprecatedSince20: Support for class-based `config` is deprecated, use ConfigDict instead. Deprecated in Pydantic V2.0 to be removed in V3.0. See Pydantic V2 Migration Guide at https://errors.pydantic.dev/2.12/migration/
[2025-12-04T14:58:56.024+0600] {processor.py:839} INFO - DAG(s) dict_keys(['example_complex']) retrieved from /Users/nursultantolegen/projectdata/.venv/lib/python3.10/site-packages/airflow/example_dags/example_complex.py
[2025-12-04T14:58:56.035+0600] {logging_mixin.py:151} WARNING - /Users/nursultantolegen/projectdata/.venv/lib/python3.10/site-packages/airflow/serialization/pydantic/taskinstance.py:27 PydanticDeprecatedSince20: Support for class-based `config` is deprecated, use ConfigDict instead. Deprecated in Pydantic V2.0 to be removed in V3.0. See Pydantic V2 Migration Guide at https://errors.pydantic.dev/2.12/migration/
[2025-12-04T14:58:56.093+0600] {logging_mixin.py:151} INFO - [2025-12-04T14:58:56.093+0600] {dag.py:2915} INFO - Sync 1 DAGs
[2025-12-04T14:58:56.097+0600] {logging_mixin.py:151} INFO - [2025-12-04T14:58:56.097+0600] {dag.py:3696} INFO - Setting next_dagrun for example_complex to None, run_after=None
[2025-12-04T14:58:56.104+0600] {processor.py:179} INFO - Processing /Users/nursultantolegen/projectdata/.venv/lib/python3.10/site-packages/airflow/example_dags/example_complex.py took 0.094 seconds
[2025-12-04T15:00:23.265+0600] {processor.py:157} INFO - Started process (PID=9275) to work on /Users/nursultantolegen/projectdata/.venv/lib/python3.10/site-packages/airflow/example_dags/example_complex.py
[2025-12-04T15:00:23.266+0600] {processor.py:829} INFO - Processing file /Users/nursultantolegen/projectdata/.venv/lib/python3.10/site-packages/airflow/example_dags/example_complex.py for tasks to queue
[2025-12-04T15:00:23.266+0600] {logging_mixin.py:151} INFO - [2025-12-04T15:00:23.266+0600] {dagbag.py:539} INFO - Filling up the DagBag from /Users/nursultantolegen/projectdata/.venv/lib/python3.10/site-packages/airflow/example_dags/example_complex.py
[2025-12-04T15:00:23.274+0600] {logging_mixin.py:151} WARNING - /Users/nursultantolegen/projectdata/.venv/lib/python3.10/site-packages/airflow/serialization/pydantic/dataset.py:23 PydanticDeprecatedSince20: Support for class-based `config` is deprecated, use ConfigDict instead. Deprecated in Pydantic V2.0 to be removed in V3.0. See Pydantic V2 Migration Guide at https://errors.pydantic.dev/2.12/migration/
[2025-12-04T15:00:23.275+0600] {logging_mixin.py:151} WARNING - /Users/nursultantolegen/projectdata/.venv/lib/python3.10/site-packages/airflow/serialization/pydantic/dataset.py:38 PydanticDeprecatedSince20: Support for class-based `config` is deprecated, use ConfigDict instead. Deprecated in Pydantic V2.0 to be removed in V3.0. See Pydantic V2 Migration Guide at https://errors.pydantic.dev/2.12/migration/
[2025-12-04T15:00:23.276+0600] {logging_mixin.py:151} WARNING - /Users/nursultantolegen/projectdata/.venv/lib/python3.10/site-packages/airflow/serialization/pydantic/dataset.py:54 PydanticDeprecatedSince20: Support for class-based `config` is deprecated, use ConfigDict instead. Deprecated in Pydantic V2.0 to be removed in V3.0. See Pydantic V2 Migration Guide at https://errors.pydantic.dev/2.12/migration/
[2025-12-04T15:00:23.276+0600] {logging_mixin.py:151} WARNING - /Users/nursultantolegen/projectdata/.venv/lib/python3.10/site-packages/airflow/serialization/pydantic/dataset.py:74 PydanticDeprecatedSince20: Support for class-based `config` is deprecated, use ConfigDict instead. Deprecated in Pydantic V2.0 to be removed in V3.0. See Pydantic V2 Migration Guide at https://errors.pydantic.dev/2.12/migration/
[2025-12-04T15:00:23.277+0600] {logging_mixin.py:151} WARNING - /Users/nursultantolegen/projectdata/.venv/lib/python3.10/site-packages/airflow/serialization/pydantic/dag_run.py:26 PydanticDeprecatedSince20: Support for class-based `config` is deprecated, use ConfigDict instead. Deprecated in Pydantic V2.0 to be removed in V3.0. See Pydantic V2 Migration Guide at https://errors.pydantic.dev/2.12/migration/
[2025-12-04T15:00:23.279+0600] {processor.py:839} INFO - DAG(s) dict_keys(['example_complex']) retrieved from /Users/nursultantolegen/projectdata/.venv/lib/python3.10/site-packages/airflow/example_dags/example_complex.py
[2025-12-04T15:00:23.289+0600] {logging_mixin.py:151} WARNING - /Users/nursultantolegen/projectdata/.venv/lib/python3.10/site-packages/airflow/serialization/pydantic/taskinstance.py:27 PydanticDeprecatedSince20: Support for class-based `config` is deprecated, use ConfigDict instead. Deprecated in Pydantic V2.0 to be removed in V3.0. See Pydantic V2 Migration Guide at https://errors.pydantic.dev/2.12/migration/
[2025-12-04T15:00:23.344+0600] {logging_mixin.py:151} INFO - [2025-12-04T15:00:23.344+0600] {dag.py:2915} INFO - Sync 1 DAGs
[2025-12-04T15:00:23.348+0600] {logging_mixin.py:151} INFO - [2025-12-04T15:00:23.347+0600] {dag.py:3696} INFO - Setting next_dagrun for example_complex to None, run_after=None
[2025-12-04T15:00:23.355+0600] {processor.py:179} INFO - Processing /Users/nursultantolegen/projectdata/.venv/lib/python3.10/site-packages/airflow/example_dags/example_complex.py took 0.091 seconds
[2025-12-04T15:01:53.910+0600] {processor.py:157} INFO - Started process (PID=9455) to work on /Users/nursultantolegen/projectdata/.venv/lib/python3.10/site-packages/airflow/example_dags/example_complex.py
[2025-12-04T15:01:53.911+0600] {processor.py:829} INFO - Processing file /Users/nursultantolegen/projectdata/.venv/lib/python3.10/site-packages/airflow/example_dags/example_complex.py for tasks to queue
[2025-12-04T15:01:53.911+0600] {logging_mixin.py:151} INFO - [2025-12-04T15:01:53.911+0600] {dagbag.py:539} INFO - Filling up the DagBag from /Users/nursultantolegen/projectdata/.venv/lib/python3.10/site-packages/airflow/example_dags/example_complex.py
[2025-12-04T15:01:53.919+0600] {logging_mixin.py:151} WARNING - /Users/nursultantolegen/projectdata/.venv/lib/python3.10/site-packages/airflow/serialization/pydantic/dataset.py:23 PydanticDeprecatedSince20: Support for class-based `config` is deprecated, use ConfigDict instead. Deprecated in Pydantic V2.0 to be removed in V3.0. See Pydantic V2 Migration Guide at https://errors.pydantic.dev/2.12/migration/
[2025-12-04T15:01:53.920+0600] {logging_mixin.py:151} WARNING - /Users/nursultantolegen/projectdata/.venv/lib/python3.10/site-packages/airflow/serialization/pydantic/dataset.py:38 PydanticDeprecatedSince20: Support for class-based `config` is deprecated, use ConfigDict instead. Deprecated in Pydantic V2.0 to be removed in V3.0. See Pydantic V2 Migration Guide at https://errors.pydantic.dev/2.12/migration/
[2025-12-04T15:01:53.921+0600] {logging_mixin.py:151} WARNING - /Users/nursultantolegen/projectdata/.venv/lib/python3.10/site-packages/airflow/serialization/pydantic/dataset.py:54 PydanticDeprecatedSince20: Support for class-based `config` is deprecated, use ConfigDict instead. Deprecated in Pydantic V2.0 to be removed in V3.0. See Pydantic V2 Migration Guide at https://errors.pydantic.dev/2.12/migration/
[2025-12-04T15:01:53.922+0600] {logging_mixin.py:151} WARNING - /Users/nursultantolegen/projectdata/.venv/lib/python3.10/site-packages/airflow/serialization/pydantic/dataset.py:74 PydanticDeprecatedSince20: Support for class-based `config` is deprecated, use ConfigDict instead. Deprecated in Pydantic V2.0 to be removed in V3.0. See Pydantic V2 Migration Guide at https://errors.pydantic.dev/2.12/migration/
[2025-12-04T15:01:53.922+0600] {logging_mixin.py:151} WARNING - /Users/nursultantolegen/projectdata/.venv/lib/python3.10/site-packages/airflow/serialization/pydantic/dag_run.py:26 PydanticDeprecatedSince20: Support for class-based `config` is deprecated, use ConfigDict instead. Deprecated in Pydantic V2.0 to be removed in V3.0. See Pydantic V2 Migration Guide at https://errors.pydantic.dev/2.12/migration/
[2025-12-04T15:01:53.924+0600] {processor.py:839} INFO - DAG(s) dict_keys(['example_complex']) retrieved from /Users/nursultantolegen/projectdata/.venv/lib/python3.10/site-packages/airflow/example_dags/example_complex.py
[2025-12-04T15:01:53.934+0600] {logging_mixin.py:151} WARNING - /Users/nursultantolegen/projectdata/.venv/lib/python3.10/site-packages/airflow/serialization/pydantic/taskinstance.py:27 PydanticDeprecatedSince20: Support for class-based `config` is deprecated, use ConfigDict instead. Deprecated in Pydantic V2.0 to be removed in V3.0. See Pydantic V2 Migration Guide at https://errors.pydantic.dev/2.12/migration/
[2025-12-04T15:01:53.989+0600] {logging_mixin.py:151} INFO - [2025-12-04T15:01:53.989+0600] {dag.py:2915} INFO - Sync 1 DAGs
[2025-12-04T15:01:53.993+0600] {logging_mixin.py:151} INFO - [2025-12-04T15:01:53.993+0600] {dag.py:3696} INFO - Setting next_dagrun for example_complex to None, run_after=None
[2025-12-04T15:01:54.000+0600] {processor.py:179} INFO - Processing /Users/nursultantolegen/projectdata/.venv/lib/python3.10/site-packages/airflow/example_dags/example_complex.py took 0.091 seconds
[2025-12-04T15:03:36.866+0600] {processor.py:157} INFO - Started process (PID=9665) to work on /Users/nursultantolegen/projectdata/.venv/lib/python3.10/site-packages/airflow/example_dags/example_complex.py
[2025-12-04T15:03:36.867+0600] {processor.py:829} INFO - Processing file /Users/nursultantolegen/projectdata/.venv/lib/python3.10/site-packages/airflow/example_dags/example_complex.py for tasks to queue
[2025-12-04T15:03:36.867+0600] {logging_mixin.py:151} INFO - [2025-12-04T15:03:36.867+0600] {dagbag.py:539} INFO - Filling up the DagBag from /Users/nursultantolegen/projectdata/.venv/lib/python3.10/site-packages/airflow/example_dags/example_complex.py
[2025-12-04T15:03:36.876+0600] {logging_mixin.py:151} WARNING - /Users/nursultantolegen/projectdata/.venv/lib/python3.10/site-packages/airflow/serialization/pydantic/dataset.py:23 PydanticDeprecatedSince20: Support for class-based `config` is deprecated, use ConfigDict instead. Deprecated in Pydantic V2.0 to be removed in V3.0. See Pydantic V2 Migration Guide at https://errors.pydantic.dev/2.12/migration/
[2025-12-04T15:03:36.876+0600] {logging_mixin.py:151} WARNING - /Users/nursultantolegen/projectdata/.venv/lib/python3.10/site-packages/airflow/serialization/pydantic/dataset.py:38 PydanticDeprecatedSince20: Support for class-based `config` is deprecated, use ConfigDict instead. Deprecated in Pydantic V2.0 to be removed in V3.0. See Pydantic V2 Migration Guide at https://errors.pydantic.dev/2.12/migration/
[2025-12-04T15:03:36.877+0600] {logging_mixin.py:151} WARNING - /Users/nursultantolegen/projectdata/.venv/lib/python3.10/site-packages/airflow/serialization/pydantic/dataset.py:54 PydanticDeprecatedSince20: Support for class-based `config` is deprecated, use ConfigDict instead. Deprecated in Pydantic V2.0 to be removed in V3.0. See Pydantic V2 Migration Guide at https://errors.pydantic.dev/2.12/migration/
[2025-12-04T15:03:36.878+0600] {logging_mixin.py:151} WARNING - /Users/nursultantolegen/projectdata/.venv/lib/python3.10/site-packages/airflow/serialization/pydantic/dataset.py:74 PydanticDeprecatedSince20: Support for class-based `config` is deprecated, use ConfigDict instead. Deprecated in Pydantic V2.0 to be removed in V3.0. See Pydantic V2 Migration Guide at https://errors.pydantic.dev/2.12/migration/
[2025-12-04T15:03:36.879+0600] {logging_mixin.py:151} WARNING - /Users/nursultantolegen/projectdata/.venv/lib/python3.10/site-packages/airflow/serialization/pydantic/dag_run.py:26 PydanticDeprecatedSince20: Support for class-based `config` is deprecated, use ConfigDict instead. Deprecated in Pydantic V2.0 to be removed in V3.0. See Pydantic V2 Migration Guide at https://errors.pydantic.dev/2.12/migration/
[2025-12-04T15:03:36.880+0600] {processor.py:839} INFO - DAG(s) dict_keys(['example_complex']) retrieved from /Users/nursultantolegen/projectdata/.venv/lib/python3.10/site-packages/airflow/example_dags/example_complex.py
[2025-12-04T15:03:36.890+0600] {logging_mixin.py:151} WARNING - /Users/nursultantolegen/projectdata/.venv/lib/python3.10/site-packages/airflow/serialization/pydantic/taskinstance.py:27 PydanticDeprecatedSince20: Support for class-based `config` is deprecated, use ConfigDict instead. Deprecated in Pydantic V2.0 to be removed in V3.0. See Pydantic V2 Migration Guide at https://errors.pydantic.dev/2.12/migration/
[2025-12-04T15:03:36.946+0600] {logging_mixin.py:151} INFO - [2025-12-04T15:03:36.946+0600] {dag.py:2915} INFO - Sync 1 DAGs
[2025-12-04T15:03:36.950+0600] {logging_mixin.py:151} INFO - [2025-12-04T15:03:36.950+0600] {dag.py:3696} INFO - Setting next_dagrun for example_complex to None, run_after=None
[2025-12-04T15:03:36.956+0600] {processor.py:179} INFO - Processing /Users/nursultantolegen/projectdata/.venv/lib/python3.10/site-packages/airflow/example_dags/example_complex.py took 0.091 seconds
[2025-12-04T15:05:14.995+0600] {processor.py:157} INFO - Started process (PID=9862) to work on /Users/nursultantolegen/projectdata/.venv/lib/python3.10/site-packages/airflow/example_dags/example_complex.py
[2025-12-04T15:05:14.995+0600] {processor.py:829} INFO - Processing file /Users/nursultantolegen/projectdata/.venv/lib/python3.10/site-packages/airflow/example_dags/example_complex.py for tasks to queue
[2025-12-04T15:05:14.995+0600] {logging_mixin.py:151} INFO - [2025-12-04T15:05:14.995+0600] {dagbag.py:539} INFO - Filling up the DagBag from /Users/nursultantolegen/projectdata/.venv/lib/python3.10/site-packages/airflow/example_dags/example_complex.py
[2025-12-04T15:05:15.004+0600] {logging_mixin.py:151} WARNING - /Users/nursultantolegen/projectdata/.venv/lib/python3.10/site-packages/airflow/serialization/pydantic/dataset.py:23 PydanticDeprecatedSince20: Support for class-based `config` is deprecated, use ConfigDict instead. Deprecated in Pydantic V2.0 to be removed in V3.0. See Pydantic V2 Migration Guide at https://errors.pydantic.dev/2.12/migration/
[2025-12-04T15:05:15.005+0600] {logging_mixin.py:151} WARNING - /Users/nursultantolegen/projectdata/.venv/lib/python3.10/site-packages/airflow/serialization/pydantic/dataset.py:38 PydanticDeprecatedSince20: Support for class-based `config` is deprecated, use ConfigDict instead. Deprecated in Pydantic V2.0 to be removed in V3.0. See Pydantic V2 Migration Guide at https://errors.pydantic.dev/2.12/migration/
[2025-12-04T15:05:15.005+0600] {logging_mixin.py:151} WARNING - /Users/nursultantolegen/projectdata/.venv/lib/python3.10/site-packages/airflow/serialization/pydantic/dataset.py:54 PydanticDeprecatedSince20: Support for class-based `config` is deprecated, use ConfigDict instead. Deprecated in Pydantic V2.0 to be removed in V3.0. See Pydantic V2 Migration Guide at https://errors.pydantic.dev/2.12/migration/
[2025-12-04T15:05:15.006+0600] {logging_mixin.py:151} WARNING - /Users/nursultantolegen/projectdata/.venv/lib/python3.10/site-packages/airflow/serialization/pydantic/dataset.py:74 PydanticDeprecatedSince20: Support for class-based `config` is deprecated, use ConfigDict instead. Deprecated in Pydantic V2.0 to be removed in V3.0. See Pydantic V2 Migration Guide at https://errors.pydantic.dev/2.12/migration/
[2025-12-04T15:05:15.007+0600] {logging_mixin.py:151} WARNING - /Users/nursultantolegen/projectdata/.venv/lib/python3.10/site-packages/airflow/serialization/pydantic/dag_run.py:26 PydanticDeprecatedSince20: Support for class-based `config` is deprecated, use ConfigDict instead. Deprecated in Pydantic V2.0 to be removed in V3.0. See Pydantic V2 Migration Guide at https://errors.pydantic.dev/2.12/migration/
[2025-12-04T15:05:15.008+0600] {processor.py:839} INFO - DAG(s) dict_keys(['example_complex']) retrieved from /Users/nursultantolegen/projectdata/.venv/lib/python3.10/site-packages/airflow/example_dags/example_complex.py
[2025-12-04T15:05:15.019+0600] {logging_mixin.py:151} WARNING - /Users/nursultantolegen/projectdata/.venv/lib/python3.10/site-packages/airflow/serialization/pydantic/taskinstance.py:27 PydanticDeprecatedSince20: Support for class-based `config` is deprecated, use ConfigDict instead. Deprecated in Pydantic V2.0 to be removed in V3.0. See Pydantic V2 Migration Guide at https://errors.pydantic.dev/2.12/migration/
[2025-12-04T15:05:15.075+0600] {logging_mixin.py:151} INFO - [2025-12-04T15:05:15.075+0600] {dag.py:2915} INFO - Sync 1 DAGs
[2025-12-04T15:05:15.079+0600] {logging_mixin.py:151} INFO - [2025-12-04T15:05:15.079+0600] {dag.py:3696} INFO - Setting next_dagrun for example_complex to None, run_after=None
[2025-12-04T15:05:15.086+0600] {processor.py:179} INFO - Processing /Users/nursultantolegen/projectdata/.venv/lib/python3.10/site-packages/airflow/example_dags/example_complex.py took 0.092 seconds
[2025-12-04T15:06:38.126+0600] {processor.py:157} INFO - Started process (PID=10032) to work on /Users/nursultantolegen/projectdata/.venv/lib/python3.10/site-packages/airflow/example_dags/example_complex.py
[2025-12-04T15:06:38.127+0600] {processor.py:829} INFO - Processing file /Users/nursultantolegen/projectdata/.venv/lib/python3.10/site-packages/airflow/example_dags/example_complex.py for tasks to queue
[2025-12-04T15:06:38.128+0600] {logging_mixin.py:151} INFO - [2025-12-04T15:06:38.128+0600] {dagbag.py:539} INFO - Filling up the DagBag from /Users/nursultantolegen/projectdata/.venv/lib/python3.10/site-packages/airflow/example_dags/example_complex.py
[2025-12-04T15:06:38.138+0600] {logging_mixin.py:151} WARNING - /Users/nursultantolegen/projectdata/.venv/lib/python3.10/site-packages/airflow/serialization/pydantic/dataset.py:23 PydanticDeprecatedSince20: Support for class-based `config` is deprecated, use ConfigDict instead. Deprecated in Pydantic V2.0 to be removed in V3.0. See Pydantic V2 Migration Guide at https://errors.pydantic.dev/2.12/migration/
[2025-12-04T15:06:38.139+0600] {logging_mixin.py:151} WARNING - /Users/nursultantolegen/projectdata/.venv/lib/python3.10/site-packages/airflow/serialization/pydantic/dataset.py:38 PydanticDeprecatedSince20: Support for class-based `config` is deprecated, use ConfigDict instead. Deprecated in Pydantic V2.0 to be removed in V3.0. See Pydantic V2 Migration Guide at https://errors.pydantic.dev/2.12/migration/
[2025-12-04T15:06:38.139+0600] {logging_mixin.py:151} WARNING - /Users/nursultantolegen/projectdata/.venv/lib/python3.10/site-packages/airflow/serialization/pydantic/dataset.py:54 PydanticDeprecatedSince20: Support for class-based `config` is deprecated, use ConfigDict instead. Deprecated in Pydantic V2.0 to be removed in V3.0. See Pydantic V2 Migration Guide at https://errors.pydantic.dev/2.12/migration/
[2025-12-04T15:06:38.140+0600] {logging_mixin.py:151} WARNING - /Users/nursultantolegen/projectdata/.venv/lib/python3.10/site-packages/airflow/serialization/pydantic/dataset.py:74 PydanticDeprecatedSince20: Support for class-based `config` is deprecated, use ConfigDict instead. Deprecated in Pydantic V2.0 to be removed in V3.0. See Pydantic V2 Migration Guide at https://errors.pydantic.dev/2.12/migration/
[2025-12-04T15:06:38.141+0600] {logging_mixin.py:151} WARNING - /Users/nursultantolegen/projectdata/.venv/lib/python3.10/site-packages/airflow/serialization/pydantic/dag_run.py:26 PydanticDeprecatedSince20: Support for class-based `config` is deprecated, use ConfigDict instead. Deprecated in Pydantic V2.0 to be removed in V3.0. See Pydantic V2 Migration Guide at https://errors.pydantic.dev/2.12/migration/
[2025-12-04T15:06:38.143+0600] {processor.py:839} INFO - DAG(s) dict_keys(['example_complex']) retrieved from /Users/nursultantolegen/projectdata/.venv/lib/python3.10/site-packages/airflow/example_dags/example_complex.py
[2025-12-04T15:06:38.155+0600] {logging_mixin.py:151} WARNING - /Users/nursultantolegen/projectdata/.venv/lib/python3.10/site-packages/airflow/serialization/pydantic/taskinstance.py:27 PydanticDeprecatedSince20: Support for class-based `config` is deprecated, use ConfigDict instead. Deprecated in Pydantic V2.0 to be removed in V3.0. See Pydantic V2 Migration Guide at https://errors.pydantic.dev/2.12/migration/
[2025-12-04T15:06:38.214+0600] {logging_mixin.py:151} INFO - [2025-12-04T15:06:38.214+0600] {dag.py:2915} INFO - Sync 1 DAGs
[2025-12-04T15:06:38.218+0600] {logging_mixin.py:151} INFO - [2025-12-04T15:06:38.218+0600] {dag.py:3696} INFO - Setting next_dagrun for example_complex to None, run_after=None
[2025-12-04T15:06:38.225+0600] {processor.py:179} INFO - Processing /Users/nursultantolegen/projectdata/.venv/lib/python3.10/site-packages/airflow/example_dags/example_complex.py took 0.100 seconds
[2025-12-04T15:08:07.266+0600] {processor.py:157} INFO - Started process (PID=10225) to work on /Users/nursultantolegen/projectdata/.venv/lib/python3.10/site-packages/airflow/example_dags/example_complex.py
[2025-12-04T15:08:07.266+0600] {processor.py:829} INFO - Processing file /Users/nursultantolegen/projectdata/.venv/lib/python3.10/site-packages/airflow/example_dags/example_complex.py for tasks to queue
[2025-12-04T15:08:07.266+0600] {logging_mixin.py:151} INFO - [2025-12-04T15:08:07.266+0600] {dagbag.py:539} INFO - Filling up the DagBag from /Users/nursultantolegen/projectdata/.venv/lib/python3.10/site-packages/airflow/example_dags/example_complex.py
[2025-12-04T15:08:07.276+0600] {logging_mixin.py:151} WARNING - /Users/nursultantolegen/projectdata/.venv/lib/python3.10/site-packages/airflow/serialization/pydantic/dataset.py:23 PydanticDeprecatedSince20: Support for class-based `config` is deprecated, use ConfigDict instead. Deprecated in Pydantic V2.0 to be removed in V3.0. See Pydantic V2 Migration Guide at https://errors.pydantic.dev/2.12/migration/
[2025-12-04T15:08:07.277+0600] {logging_mixin.py:151} WARNING - /Users/nursultantolegen/projectdata/.venv/lib/python3.10/site-packages/airflow/serialization/pydantic/dataset.py:38 PydanticDeprecatedSince20: Support for class-based `config` is deprecated, use ConfigDict instead. Deprecated in Pydantic V2.0 to be removed in V3.0. See Pydantic V2 Migration Guide at https://errors.pydantic.dev/2.12/migration/
[2025-12-04T15:08:07.277+0600] {logging_mixin.py:151} WARNING - /Users/nursultantolegen/projectdata/.venv/lib/python3.10/site-packages/airflow/serialization/pydantic/dataset.py:54 PydanticDeprecatedSince20: Support for class-based `config` is deprecated, use ConfigDict instead. Deprecated in Pydantic V2.0 to be removed in V3.0. See Pydantic V2 Migration Guide at https://errors.pydantic.dev/2.12/migration/
[2025-12-04T15:08:07.278+0600] {logging_mixin.py:151} WARNING - /Users/nursultantolegen/projectdata/.venv/lib/python3.10/site-packages/airflow/serialization/pydantic/dataset.py:74 PydanticDeprecatedSince20: Support for class-based `config` is deprecated, use ConfigDict instead. Deprecated in Pydantic V2.0 to be removed in V3.0. See Pydantic V2 Migration Guide at https://errors.pydantic.dev/2.12/migration/
[2025-12-04T15:08:07.279+0600] {logging_mixin.py:151} WARNING - /Users/nursultantolegen/projectdata/.venv/lib/python3.10/site-packages/airflow/serialization/pydantic/dag_run.py:26 PydanticDeprecatedSince20: Support for class-based `config` is deprecated, use ConfigDict instead. Deprecated in Pydantic V2.0 to be removed in V3.0. See Pydantic V2 Migration Guide at https://errors.pydantic.dev/2.12/migration/
[2025-12-04T15:08:07.280+0600] {processor.py:839} INFO - DAG(s) dict_keys(['example_complex']) retrieved from /Users/nursultantolegen/projectdata/.venv/lib/python3.10/site-packages/airflow/example_dags/example_complex.py
[2025-12-04T15:08:07.291+0600] {logging_mixin.py:151} WARNING - /Users/nursultantolegen/projectdata/.venv/lib/python3.10/site-packages/airflow/serialization/pydantic/taskinstance.py:27 PydanticDeprecatedSince20: Support for class-based `config` is deprecated, use ConfigDict instead. Deprecated in Pydantic V2.0 to be removed in V3.0. See Pydantic V2 Migration Guide at https://errors.pydantic.dev/2.12/migration/
[2025-12-04T15:08:07.347+0600] {logging_mixin.py:151} INFO - [2025-12-04T15:08:07.346+0600] {dag.py:2915} INFO - Sync 1 DAGs
[2025-12-04T15:08:07.350+0600] {logging_mixin.py:151} INFO - [2025-12-04T15:08:07.350+0600] {dag.py:3696} INFO - Setting next_dagrun for example_complex to None, run_after=None
[2025-12-04T15:08:07.357+0600] {processor.py:179} INFO - Processing /Users/nursultantolegen/projectdata/.venv/lib/python3.10/site-packages/airflow/example_dags/example_complex.py took 0.092 seconds
[2025-12-04T15:09:31.122+0600] {processor.py:157} INFO - Started process (PID=10404) to work on /Users/nursultantolegen/projectdata/.venv/lib/python3.10/site-packages/airflow/example_dags/example_complex.py
[2025-12-04T15:09:31.122+0600] {processor.py:829} INFO - Processing file /Users/nursultantolegen/projectdata/.venv/lib/python3.10/site-packages/airflow/example_dags/example_complex.py for tasks to queue
[2025-12-04T15:09:31.122+0600] {logging_mixin.py:151} INFO - [2025-12-04T15:09:31.122+0600] {dagbag.py:539} INFO - Filling up the DagBag from /Users/nursultantolegen/projectdata/.venv/lib/python3.10/site-packages/airflow/example_dags/example_complex.py
[2025-12-04T15:09:31.131+0600] {logging_mixin.py:151} WARNING - /Users/nursultantolegen/projectdata/.venv/lib/python3.10/site-packages/airflow/serialization/pydantic/dataset.py:23 PydanticDeprecatedSince20: Support for class-based `config` is deprecated, use ConfigDict instead. Deprecated in Pydantic V2.0 to be removed in V3.0. See Pydantic V2 Migration Guide at https://errors.pydantic.dev/2.12/migration/
[2025-12-04T15:09:31.132+0600] {logging_mixin.py:151} WARNING - /Users/nursultantolegen/projectdata/.venv/lib/python3.10/site-packages/airflow/serialization/pydantic/dataset.py:38 PydanticDeprecatedSince20: Support for class-based `config` is deprecated, use ConfigDict instead. Deprecated in Pydantic V2.0 to be removed in V3.0. See Pydantic V2 Migration Guide at https://errors.pydantic.dev/2.12/migration/
[2025-12-04T15:09:31.132+0600] {logging_mixin.py:151} WARNING - /Users/nursultantolegen/projectdata/.venv/lib/python3.10/site-packages/airflow/serialization/pydantic/dataset.py:54 PydanticDeprecatedSince20: Support for class-based `config` is deprecated, use ConfigDict instead. Deprecated in Pydantic V2.0 to be removed in V3.0. See Pydantic V2 Migration Guide at https://errors.pydantic.dev/2.12/migration/
[2025-12-04T15:09:31.133+0600] {logging_mixin.py:151} WARNING - /Users/nursultantolegen/projectdata/.venv/lib/python3.10/site-packages/airflow/serialization/pydantic/dataset.py:74 PydanticDeprecatedSince20: Support for class-based `config` is deprecated, use ConfigDict instead. Deprecated in Pydantic V2.0 to be removed in V3.0. See Pydantic V2 Migration Guide at https://errors.pydantic.dev/2.12/migration/
[2025-12-04T15:09:31.134+0600] {logging_mixin.py:151} WARNING - /Users/nursultantolegen/projectdata/.venv/lib/python3.10/site-packages/airflow/serialization/pydantic/dag_run.py:26 PydanticDeprecatedSince20: Support for class-based `config` is deprecated, use ConfigDict instead. Deprecated in Pydantic V2.0 to be removed in V3.0. See Pydantic V2 Migration Guide at https://errors.pydantic.dev/2.12/migration/
[2025-12-04T15:09:31.135+0600] {processor.py:839} INFO - DAG(s) dict_keys(['example_complex']) retrieved from /Users/nursultantolegen/projectdata/.venv/lib/python3.10/site-packages/airflow/example_dags/example_complex.py
[2025-12-04T15:09:31.146+0600] {logging_mixin.py:151} WARNING - /Users/nursultantolegen/projectdata/.venv/lib/python3.10/site-packages/airflow/serialization/pydantic/taskinstance.py:27 PydanticDeprecatedSince20: Support for class-based `config` is deprecated, use ConfigDict instead. Deprecated in Pydantic V2.0 to be removed in V3.0. See Pydantic V2 Migration Guide at https://errors.pydantic.dev/2.12/migration/
[2025-12-04T15:09:31.202+0600] {logging_mixin.py:151} INFO - [2025-12-04T15:09:31.202+0600] {dag.py:2915} INFO - Sync 1 DAGs
[2025-12-04T15:09:31.206+0600] {logging_mixin.py:151} INFO - [2025-12-04T15:09:31.206+0600] {dag.py:3696} INFO - Setting next_dagrun for example_complex to None, run_after=None
[2025-12-04T15:09:31.213+0600] {processor.py:179} INFO - Processing /Users/nursultantolegen/projectdata/.venv/lib/python3.10/site-packages/airflow/example_dags/example_complex.py took 0.092 seconds
[2025-12-04T15:10:57.960+0600] {processor.py:157} INFO - Started process (PID=10714) to work on /Users/nursultantolegen/projectdata/.venv/lib/python3.10/site-packages/airflow/example_dags/example_complex.py
[2025-12-04T15:10:57.960+0600] {processor.py:829} INFO - Processing file /Users/nursultantolegen/projectdata/.venv/lib/python3.10/site-packages/airflow/example_dags/example_complex.py for tasks to queue
[2025-12-04T15:10:57.961+0600] {logging_mixin.py:151} INFO - [2025-12-04T15:10:57.961+0600] {dagbag.py:539} INFO - Filling up the DagBag from /Users/nursultantolegen/projectdata/.venv/lib/python3.10/site-packages/airflow/example_dags/example_complex.py
[2025-12-04T15:10:57.969+0600] {logging_mixin.py:151} WARNING - /Users/nursultantolegen/projectdata/.venv/lib/python3.10/site-packages/airflow/serialization/pydantic/dataset.py:23 PydanticDeprecatedSince20: Support for class-based `config` is deprecated, use ConfigDict instead. Deprecated in Pydantic V2.0 to be removed in V3.0. See Pydantic V2 Migration Guide at https://errors.pydantic.dev/2.12/migration/
[2025-12-04T15:10:57.970+0600] {logging_mixin.py:151} WARNING - /Users/nursultantolegen/projectdata/.venv/lib/python3.10/site-packages/airflow/serialization/pydantic/dataset.py:38 PydanticDeprecatedSince20: Support for class-based `config` is deprecated, use ConfigDict instead. Deprecated in Pydantic V2.0 to be removed in V3.0. See Pydantic V2 Migration Guide at https://errors.pydantic.dev/2.12/migration/
[2025-12-04T15:10:57.971+0600] {logging_mixin.py:151} WARNING - /Users/nursultantolegen/projectdata/.venv/lib/python3.10/site-packages/airflow/serialization/pydantic/dataset.py:54 PydanticDeprecatedSince20: Support for class-based `config` is deprecated, use ConfigDict instead. Deprecated in Pydantic V2.0 to be removed in V3.0. See Pydantic V2 Migration Guide at https://errors.pydantic.dev/2.12/migration/
[2025-12-04T15:10:57.972+0600] {logging_mixin.py:151} WARNING - /Users/nursultantolegen/projectdata/.venv/lib/python3.10/site-packages/airflow/serialization/pydantic/dataset.py:74 PydanticDeprecatedSince20: Support for class-based `config` is deprecated, use ConfigDict instead. Deprecated in Pydantic V2.0 to be removed in V3.0. See Pydantic V2 Migration Guide at https://errors.pydantic.dev/2.12/migration/
[2025-12-04T15:10:57.972+0600] {logging_mixin.py:151} WARNING - /Users/nursultantolegen/projectdata/.venv/lib/python3.10/site-packages/airflow/serialization/pydantic/dag_run.py:26 PydanticDeprecatedSince20: Support for class-based `config` is deprecated, use ConfigDict instead. Deprecated in Pydantic V2.0 to be removed in V3.0. See Pydantic V2 Migration Guide at https://errors.pydantic.dev/2.12/migration/
[2025-12-04T15:10:57.974+0600] {processor.py:839} INFO - DAG(s) dict_keys(['example_complex']) retrieved from /Users/nursultantolegen/projectdata/.venv/lib/python3.10/site-packages/airflow/example_dags/example_complex.py
[2025-12-04T15:10:57.984+0600] {logging_mixin.py:151} WARNING - /Users/nursultantolegen/projectdata/.venv/lib/python3.10/site-packages/airflow/serialization/pydantic/taskinstance.py:27 PydanticDeprecatedSince20: Support for class-based `config` is deprecated, use ConfigDict instead. Deprecated in Pydantic V2.0 to be removed in V3.0. See Pydantic V2 Migration Guide at https://errors.pydantic.dev/2.12/migration/
[2025-12-04T15:10:58.040+0600] {logging_mixin.py:151} INFO - [2025-12-04T15:10:58.039+0600] {dag.py:2915} INFO - Sync 1 DAGs
[2025-12-04T15:10:58.043+0600] {logging_mixin.py:151} INFO - [2025-12-04T15:10:58.043+0600] {dag.py:3696} INFO - Setting next_dagrun for example_complex to None, run_after=None
[2025-12-04T15:10:58.050+0600] {processor.py:179} INFO - Processing /Users/nursultantolegen/projectdata/.venv/lib/python3.10/site-packages/airflow/example_dags/example_complex.py took 0.091 seconds
[2025-12-04T15:12:20.723+0600] {processor.py:157} INFO - Started process (PID=11007) to work on /Users/nursultantolegen/projectdata/.venv/lib/python3.10/site-packages/airflow/example_dags/example_complex.py
[2025-12-04T15:12:20.724+0600] {processor.py:829} INFO - Processing file /Users/nursultantolegen/projectdata/.venv/lib/python3.10/site-packages/airflow/example_dags/example_complex.py for tasks to queue
[2025-12-04T15:12:20.724+0600] {logging_mixin.py:151} INFO - [2025-12-04T15:12:20.724+0600] {dagbag.py:539} INFO - Filling up the DagBag from /Users/nursultantolegen/projectdata/.venv/lib/python3.10/site-packages/airflow/example_dags/example_complex.py
[2025-12-04T15:12:20.733+0600] {logging_mixin.py:151} WARNING - /Users/nursultantolegen/projectdata/.venv/lib/python3.10/site-packages/airflow/serialization/pydantic/dataset.py:23 PydanticDeprecatedSince20: Support for class-based `config` is deprecated, use ConfigDict instead. Deprecated in Pydantic V2.0 to be removed in V3.0. See Pydantic V2 Migration Guide at https://errors.pydantic.dev/2.12/migration/
[2025-12-04T15:12:20.733+0600] {logging_mixin.py:151} WARNING - /Users/nursultantolegen/projectdata/.venv/lib/python3.10/site-packages/airflow/serialization/pydantic/dataset.py:38 PydanticDeprecatedSince20: Support for class-based `config` is deprecated, use ConfigDict instead. Deprecated in Pydantic V2.0 to be removed in V3.0. See Pydantic V2 Migration Guide at https://errors.pydantic.dev/2.12/migration/
[2025-12-04T15:12:20.734+0600] {logging_mixin.py:151} WARNING - /Users/nursultantolegen/projectdata/.venv/lib/python3.10/site-packages/airflow/serialization/pydantic/dataset.py:54 PydanticDeprecatedSince20: Support for class-based `config` is deprecated, use ConfigDict instead. Deprecated in Pydantic V2.0 to be removed in V3.0. See Pydantic V2 Migration Guide at https://errors.pydantic.dev/2.12/migration/
[2025-12-04T15:12:20.735+0600] {logging_mixin.py:151} WARNING - /Users/nursultantolegen/projectdata/.venv/lib/python3.10/site-packages/airflow/serialization/pydantic/dataset.py:74 PydanticDeprecatedSince20: Support for class-based `config` is deprecated, use ConfigDict instead. Deprecated in Pydantic V2.0 to be removed in V3.0. See Pydantic V2 Migration Guide at https://errors.pydantic.dev/2.12/migration/
[2025-12-04T15:12:20.736+0600] {logging_mixin.py:151} WARNING - /Users/nursultantolegen/projectdata/.venv/lib/python3.10/site-packages/airflow/serialization/pydantic/dag_run.py:26 PydanticDeprecatedSince20: Support for class-based `config` is deprecated, use ConfigDict instead. Deprecated in Pydantic V2.0 to be removed in V3.0. See Pydantic V2 Migration Guide at https://errors.pydantic.dev/2.12/migration/
[2025-12-04T15:12:20.737+0600] {processor.py:839} INFO - DAG(s) dict_keys(['example_complex']) retrieved from /Users/nursultantolegen/projectdata/.venv/lib/python3.10/site-packages/airflow/example_dags/example_complex.py
[2025-12-04T15:12:20.748+0600] {logging_mixin.py:151} WARNING - /Users/nursultantolegen/projectdata/.venv/lib/python3.10/site-packages/airflow/serialization/pydantic/taskinstance.py:27 PydanticDeprecatedSince20: Support for class-based `config` is deprecated, use ConfigDict instead. Deprecated in Pydantic V2.0 to be removed in V3.0. See Pydantic V2 Migration Guide at https://errors.pydantic.dev/2.12/migration/
[2025-12-04T15:12:20.803+0600] {logging_mixin.py:151} INFO - [2025-12-04T15:12:20.803+0600] {dag.py:2915} INFO - Sync 1 DAGs
[2025-12-04T15:12:20.807+0600] {logging_mixin.py:151} INFO - [2025-12-04T15:12:20.807+0600] {dag.py:3696} INFO - Setting next_dagrun for example_complex to None, run_after=None
[2025-12-04T15:12:20.813+0600] {processor.py:179} INFO - Processing /Users/nursultantolegen/projectdata/.venv/lib/python3.10/site-packages/airflow/example_dags/example_complex.py took 0.091 seconds
[2025-12-04T15:13:46.952+0600] {processor.py:157} INFO - Started process (PID=11195) to work on /Users/nursultantolegen/projectdata/.venv/lib/python3.10/site-packages/airflow/example_dags/example_complex.py
[2025-12-04T15:13:46.953+0600] {processor.py:829} INFO - Processing file /Users/nursultantolegen/projectdata/.venv/lib/python3.10/site-packages/airflow/example_dags/example_complex.py for tasks to queue
[2025-12-04T15:13:46.953+0600] {logging_mixin.py:151} INFO - [2025-12-04T15:13:46.953+0600] {dagbag.py:539} INFO - Filling up the DagBag from /Users/nursultantolegen/projectdata/.venv/lib/python3.10/site-packages/airflow/example_dags/example_complex.py
[2025-12-04T15:13:46.962+0600] {logging_mixin.py:151} WARNING - /Users/nursultantolegen/projectdata/.venv/lib/python3.10/site-packages/airflow/serialization/pydantic/dataset.py:23 PydanticDeprecatedSince20: Support for class-based `config` is deprecated, use ConfigDict instead. Deprecated in Pydantic V2.0 to be removed in V3.0. See Pydantic V2 Migration Guide at https://errors.pydantic.dev/2.12/migration/
[2025-12-04T15:13:46.963+0600] {logging_mixin.py:151} WARNING - /Users/nursultantolegen/projectdata/.venv/lib/python3.10/site-packages/airflow/serialization/pydantic/dataset.py:38 PydanticDeprecatedSince20: Support for class-based `config` is deprecated, use ConfigDict instead. Deprecated in Pydantic V2.0 to be removed in V3.0. See Pydantic V2 Migration Guide at https://errors.pydantic.dev/2.12/migration/
[2025-12-04T15:13:46.963+0600] {logging_mixin.py:151} WARNING - /Users/nursultantolegen/projectdata/.venv/lib/python3.10/site-packages/airflow/serialization/pydantic/dataset.py:54 PydanticDeprecatedSince20: Support for class-based `config` is deprecated, use ConfigDict instead. Deprecated in Pydantic V2.0 to be removed in V3.0. See Pydantic V2 Migration Guide at https://errors.pydantic.dev/2.12/migration/
[2025-12-04T15:13:46.964+0600] {logging_mixin.py:151} WARNING - /Users/nursultantolegen/projectdata/.venv/lib/python3.10/site-packages/airflow/serialization/pydantic/dataset.py:74 PydanticDeprecatedSince20: Support for class-based `config` is deprecated, use ConfigDict instead. Deprecated in Pydantic V2.0 to be removed in V3.0. See Pydantic V2 Migration Guide at https://errors.pydantic.dev/2.12/migration/
[2025-12-04T15:13:46.965+0600] {logging_mixin.py:151} WARNING - /Users/nursultantolegen/projectdata/.venv/lib/python3.10/site-packages/airflow/serialization/pydantic/dag_run.py:26 PydanticDeprecatedSince20: Support for class-based `config` is deprecated, use ConfigDict instead. Deprecated in Pydantic V2.0 to be removed in V3.0. See Pydantic V2 Migration Guide at https://errors.pydantic.dev/2.12/migration/
[2025-12-04T15:13:46.966+0600] {processor.py:839} INFO - DAG(s) dict_keys(['example_complex']) retrieved from /Users/nursultantolegen/projectdata/.venv/lib/python3.10/site-packages/airflow/example_dags/example_complex.py
[2025-12-04T15:13:46.977+0600] {logging_mixin.py:151} WARNING - /Users/nursultantolegen/projectdata/.venv/lib/python3.10/site-packages/airflow/serialization/pydantic/taskinstance.py:27 PydanticDeprecatedSince20: Support for class-based `config` is deprecated, use ConfigDict instead. Deprecated in Pydantic V2.0 to be removed in V3.0. See Pydantic V2 Migration Guide at https://errors.pydantic.dev/2.12/migration/
[2025-12-04T15:13:47.033+0600] {logging_mixin.py:151} INFO - [2025-12-04T15:13:47.033+0600] {dag.py:2915} INFO - Sync 1 DAGs
[2025-12-04T15:13:47.037+0600] {logging_mixin.py:151} INFO - [2025-12-04T15:13:47.037+0600] {dag.py:3696} INFO - Setting next_dagrun for example_complex to None, run_after=None
[2025-12-04T15:13:47.044+0600] {processor.py:179} INFO - Processing /Users/nursultantolegen/projectdata/.venv/lib/python3.10/site-packages/airflow/example_dags/example_complex.py took 0.092 seconds
[2025-12-04T15:15:10.402+0600] {processor.py:157} INFO - Started process (PID=11437) to work on /Users/nursultantolegen/projectdata/.venv/lib/python3.10/site-packages/airflow/example_dags/example_complex.py
[2025-12-04T15:15:10.403+0600] {processor.py:829} INFO - Processing file /Users/nursultantolegen/projectdata/.venv/lib/python3.10/site-packages/airflow/example_dags/example_complex.py for tasks to queue
[2025-12-04T15:15:10.403+0600] {logging_mixin.py:151} INFO - [2025-12-04T15:15:10.403+0600] {dagbag.py:539} INFO - Filling up the DagBag from /Users/nursultantolegen/projectdata/.venv/lib/python3.10/site-packages/airflow/example_dags/example_complex.py
[2025-12-04T15:15:10.412+0600] {logging_mixin.py:151} WARNING - /Users/nursultantolegen/projectdata/.venv/lib/python3.10/site-packages/airflow/serialization/pydantic/dataset.py:23 PydanticDeprecatedSince20: Support for class-based `config` is deprecated, use ConfigDict instead. Deprecated in Pydantic V2.0 to be removed in V3.0. See Pydantic V2 Migration Guide at https://errors.pydantic.dev/2.12/migration/
[2025-12-04T15:15:10.412+0600] {logging_mixin.py:151} WARNING - /Users/nursultantolegen/projectdata/.venv/lib/python3.10/site-packages/airflow/serialization/pydantic/dataset.py:38 PydanticDeprecatedSince20: Support for class-based `config` is deprecated, use ConfigDict instead. Deprecated in Pydantic V2.0 to be removed in V3.0. See Pydantic V2 Migration Guide at https://errors.pydantic.dev/2.12/migration/
[2025-12-04T15:15:10.413+0600] {logging_mixin.py:151} WARNING - /Users/nursultantolegen/projectdata/.venv/lib/python3.10/site-packages/airflow/serialization/pydantic/dataset.py:54 PydanticDeprecatedSince20: Support for class-based `config` is deprecated, use ConfigDict instead. Deprecated in Pydantic V2.0 to be removed in V3.0. See Pydantic V2 Migration Guide at https://errors.pydantic.dev/2.12/migration/
[2025-12-04T15:15:10.414+0600] {logging_mixin.py:151} WARNING - /Users/nursultantolegen/projectdata/.venv/lib/python3.10/site-packages/airflow/serialization/pydantic/dataset.py:74 PydanticDeprecatedSince20: Support for class-based `config` is deprecated, use ConfigDict instead. Deprecated in Pydantic V2.0 to be removed in V3.0. See Pydantic V2 Migration Guide at https://errors.pydantic.dev/2.12/migration/
[2025-12-04T15:15:10.415+0600] {logging_mixin.py:151} WARNING - /Users/nursultantolegen/projectdata/.venv/lib/python3.10/site-packages/airflow/serialization/pydantic/dag_run.py:26 PydanticDeprecatedSince20: Support for class-based `config` is deprecated, use ConfigDict instead. Deprecated in Pydantic V2.0 to be removed in V3.0. See Pydantic V2 Migration Guide at https://errors.pydantic.dev/2.12/migration/
[2025-12-04T15:15:10.416+0600] {processor.py:839} INFO - DAG(s) dict_keys(['example_complex']) retrieved from /Users/nursultantolegen/projectdata/.venv/lib/python3.10/site-packages/airflow/example_dags/example_complex.py
[2025-12-04T15:15:10.426+0600] {logging_mixin.py:151} WARNING - /Users/nursultantolegen/projectdata/.venv/lib/python3.10/site-packages/airflow/serialization/pydantic/taskinstance.py:27 PydanticDeprecatedSince20: Support for class-based `config` is deprecated, use ConfigDict instead. Deprecated in Pydantic V2.0 to be removed in V3.0. See Pydantic V2 Migration Guide at https://errors.pydantic.dev/2.12/migration/
[2025-12-04T15:15:10.481+0600] {logging_mixin.py:151} INFO - [2025-12-04T15:15:10.481+0600] {dag.py:2915} INFO - Sync 1 DAGs
[2025-12-04T15:15:10.485+0600] {logging_mixin.py:151} INFO - [2025-12-04T15:15:10.485+0600] {dag.py:3696} INFO - Setting next_dagrun for example_complex to None, run_after=None
[2025-12-04T15:15:10.492+0600] {processor.py:179} INFO - Processing /Users/nursultantolegen/projectdata/.venv/lib/python3.10/site-packages/airflow/example_dags/example_complex.py took 0.090 seconds
[2025-12-04T15:16:39.246+0600] {processor.py:157} INFO - Started process (PID=11649) to work on /Users/nursultantolegen/projectdata/.venv/lib/python3.10/site-packages/airflow/example_dags/example_complex.py
[2025-12-04T15:16:39.247+0600] {processor.py:829} INFO - Processing file /Users/nursultantolegen/projectdata/.venv/lib/python3.10/site-packages/airflow/example_dags/example_complex.py for tasks to queue
[2025-12-04T15:16:39.247+0600] {logging_mixin.py:151} INFO - [2025-12-04T15:16:39.247+0600] {dagbag.py:539} INFO - Filling up the DagBag from /Users/nursultantolegen/projectdata/.venv/lib/python3.10/site-packages/airflow/example_dags/example_complex.py
[2025-12-04T15:16:39.255+0600] {logging_mixin.py:151} WARNING - /Users/nursultantolegen/projectdata/.venv/lib/python3.10/site-packages/airflow/serialization/pydantic/dataset.py:23 PydanticDeprecatedSince20: Support for class-based `config` is deprecated, use ConfigDict instead. Deprecated in Pydantic V2.0 to be removed in V3.0. See Pydantic V2 Migration Guide at https://errors.pydantic.dev/2.12/migration/
[2025-12-04T15:16:39.256+0600] {logging_mixin.py:151} WARNING - /Users/nursultantolegen/projectdata/.venv/lib/python3.10/site-packages/airflow/serialization/pydantic/dataset.py:38 PydanticDeprecatedSince20: Support for class-based `config` is deprecated, use ConfigDict instead. Deprecated in Pydantic V2.0 to be removed in V3.0. See Pydantic V2 Migration Guide at https://errors.pydantic.dev/2.12/migration/
[2025-12-04T15:16:39.257+0600] {logging_mixin.py:151} WARNING - /Users/nursultantolegen/projectdata/.venv/lib/python3.10/site-packages/airflow/serialization/pydantic/dataset.py:54 PydanticDeprecatedSince20: Support for class-based `config` is deprecated, use ConfigDict instead. Deprecated in Pydantic V2.0 to be removed in V3.0. See Pydantic V2 Migration Guide at https://errors.pydantic.dev/2.12/migration/
[2025-12-04T15:16:39.258+0600] {logging_mixin.py:151} WARNING - /Users/nursultantolegen/projectdata/.venv/lib/python3.10/site-packages/airflow/serialization/pydantic/dataset.py:74 PydanticDeprecatedSince20: Support for class-based `config` is deprecated, use ConfigDict instead. Deprecated in Pydantic V2.0 to be removed in V3.0. See Pydantic V2 Migration Guide at https://errors.pydantic.dev/2.12/migration/
[2025-12-04T15:16:39.258+0600] {logging_mixin.py:151} WARNING - /Users/nursultantolegen/projectdata/.venv/lib/python3.10/site-packages/airflow/serialization/pydantic/dag_run.py:26 PydanticDeprecatedSince20: Support for class-based `config` is deprecated, use ConfigDict instead. Deprecated in Pydantic V2.0 to be removed in V3.0. See Pydantic V2 Migration Guide at https://errors.pydantic.dev/2.12/migration/
[2025-12-04T15:16:39.260+0600] {processor.py:839} INFO - DAG(s) dict_keys(['example_complex']) retrieved from /Users/nursultantolegen/projectdata/.venv/lib/python3.10/site-packages/airflow/example_dags/example_complex.py
[2025-12-04T15:16:39.270+0600] {logging_mixin.py:151} WARNING - /Users/nursultantolegen/projectdata/.venv/lib/python3.10/site-packages/airflow/serialization/pydantic/taskinstance.py:27 PydanticDeprecatedSince20: Support for class-based `config` is deprecated, use ConfigDict instead. Deprecated in Pydantic V2.0 to be removed in V3.0. See Pydantic V2 Migration Guide at https://errors.pydantic.dev/2.12/migration/
[2025-12-04T15:16:39.325+0600] {logging_mixin.py:151} INFO - [2025-12-04T15:16:39.324+0600] {dag.py:2915} INFO - Sync 1 DAGs
[2025-12-04T15:16:39.328+0600] {logging_mixin.py:151} INFO - [2025-12-04T15:16:39.328+0600] {dag.py:3696} INFO - Setting next_dagrun for example_complex to None, run_after=None
[2025-12-04T15:16:39.335+0600] {processor.py:179} INFO - Processing /Users/nursultantolegen/projectdata/.venv/lib/python3.10/site-packages/airflow/example_dags/example_complex.py took 0.090 seconds
[2025-12-04T15:18:15.538+0600] {processor.py:157} INFO - Started process (PID=11863) to work on /Users/nursultantolegen/projectdata/.venv/lib/python3.10/site-packages/airflow/example_dags/example_complex.py
[2025-12-04T15:18:15.538+0600] {processor.py:829} INFO - Processing file /Users/nursultantolegen/projectdata/.venv/lib/python3.10/site-packages/airflow/example_dags/example_complex.py for tasks to queue
[2025-12-04T15:18:15.539+0600] {logging_mixin.py:151} INFO - [2025-12-04T15:18:15.539+0600] {dagbag.py:539} INFO - Filling up the DagBag from /Users/nursultantolegen/projectdata/.venv/lib/python3.10/site-packages/airflow/example_dags/example_complex.py
[2025-12-04T15:18:15.548+0600] {logging_mixin.py:151} WARNING - /Users/nursultantolegen/projectdata/.venv/lib/python3.10/site-packages/airflow/serialization/pydantic/dataset.py:23 PydanticDeprecatedSince20: Support for class-based `config` is deprecated, use ConfigDict instead. Deprecated in Pydantic V2.0 to be removed in V3.0. See Pydantic V2 Migration Guide at https://errors.pydantic.dev/2.12/migration/
[2025-12-04T15:18:15.549+0600] {logging_mixin.py:151} WARNING - /Users/nursultantolegen/projectdata/.venv/lib/python3.10/site-packages/airflow/serialization/pydantic/dataset.py:38 PydanticDeprecatedSince20: Support for class-based `config` is deprecated, use ConfigDict instead. Deprecated in Pydantic V2.0 to be removed in V3.0. See Pydantic V2 Migration Guide at https://errors.pydantic.dev/2.12/migration/
[2025-12-04T15:18:15.549+0600] {logging_mixin.py:151} WARNING - /Users/nursultantolegen/projectdata/.venv/lib/python3.10/site-packages/airflow/serialization/pydantic/dataset.py:54 PydanticDeprecatedSince20: Support for class-based `config` is deprecated, use ConfigDict instead. Deprecated in Pydantic V2.0 to be removed in V3.0. See Pydantic V2 Migration Guide at https://errors.pydantic.dev/2.12/migration/
[2025-12-04T15:18:15.550+0600] {logging_mixin.py:151} WARNING - /Users/nursultantolegen/projectdata/.venv/lib/python3.10/site-packages/airflow/serialization/pydantic/dataset.py:74 PydanticDeprecatedSince20: Support for class-based `config` is deprecated, use ConfigDict instead. Deprecated in Pydantic V2.0 to be removed in V3.0. See Pydantic V2 Migration Guide at https://errors.pydantic.dev/2.12/migration/
[2025-12-04T15:18:15.551+0600] {logging_mixin.py:151} WARNING - /Users/nursultantolegen/projectdata/.venv/lib/python3.10/site-packages/airflow/serialization/pydantic/dag_run.py:26 PydanticDeprecatedSince20: Support for class-based `config` is deprecated, use ConfigDict instead. Deprecated in Pydantic V2.0 to be removed in V3.0. See Pydantic V2 Migration Guide at https://errors.pydantic.dev/2.12/migration/
[2025-12-04T15:18:15.553+0600] {processor.py:839} INFO - DAG(s) dict_keys(['example_complex']) retrieved from /Users/nursultantolegen/projectdata/.venv/lib/python3.10/site-packages/airflow/example_dags/example_complex.py
[2025-12-04T15:18:15.563+0600] {logging_mixin.py:151} WARNING - /Users/nursultantolegen/projectdata/.venv/lib/python3.10/site-packages/airflow/serialization/pydantic/taskinstance.py:27 PydanticDeprecatedSince20: Support for class-based `config` is deprecated, use ConfigDict instead. Deprecated in Pydantic V2.0 to be removed in V3.0. See Pydantic V2 Migration Guide at https://errors.pydantic.dev/2.12/migration/
[2025-12-04T15:18:15.622+0600] {logging_mixin.py:151} INFO - [2025-12-04T15:18:15.622+0600] {dag.py:2915} INFO - Sync 1 DAGs
[2025-12-04T15:18:15.626+0600] {logging_mixin.py:151} INFO - [2025-12-04T15:18:15.626+0600] {dag.py:3696} INFO - Setting next_dagrun for example_complex to None, run_after=None
[2025-12-04T15:18:15.634+0600] {processor.py:179} INFO - Processing /Users/nursultantolegen/projectdata/.venv/lib/python3.10/site-packages/airflow/example_dags/example_complex.py took 0.097 seconds
[2025-12-04T15:19:20.218+0600] {processor.py:157} INFO - Started process (PID=12130) to work on /Users/nursultantolegen/projectdata/.venv/lib/python3.10/site-packages/airflow/example_dags/example_complex.py
[2025-12-04T15:19:20.219+0600] {processor.py:829} INFO - Processing file /Users/nursultantolegen/projectdata/.venv/lib/python3.10/site-packages/airflow/example_dags/example_complex.py for tasks to queue
[2025-12-04T15:19:20.219+0600] {logging_mixin.py:151} INFO - [2025-12-04T15:19:20.219+0600] {dagbag.py:539} INFO - Filling up the DagBag from /Users/nursultantolegen/projectdata/.venv/lib/python3.10/site-packages/airflow/example_dags/example_complex.py
[2025-12-04T15:19:20.228+0600] {logging_mixin.py:151} WARNING - /Users/nursultantolegen/projectdata/.venv/lib/python3.10/site-packages/airflow/serialization/pydantic/dataset.py:23 PydanticDeprecatedSince20: Support for class-based `config` is deprecated, use ConfigDict instead. Deprecated in Pydantic V2.0 to be removed in V3.0. See Pydantic V2 Migration Guide at https://errors.pydantic.dev/2.12/migration/
[2025-12-04T15:19:20.229+0600] {logging_mixin.py:151} WARNING - /Users/nursultantolegen/projectdata/.venv/lib/python3.10/site-packages/airflow/serialization/pydantic/dataset.py:38 PydanticDeprecatedSince20: Support for class-based `config` is deprecated, use ConfigDict instead. Deprecated in Pydantic V2.0 to be removed in V3.0. See Pydantic V2 Migration Guide at https://errors.pydantic.dev/2.12/migration/
[2025-12-04T15:19:20.230+0600] {logging_mixin.py:151} WARNING - /Users/nursultantolegen/projectdata/.venv/lib/python3.10/site-packages/airflow/serialization/pydantic/dataset.py:54 PydanticDeprecatedSince20: Support for class-based `config` is deprecated, use ConfigDict instead. Deprecated in Pydantic V2.0 to be removed in V3.0. See Pydantic V2 Migration Guide at https://errors.pydantic.dev/2.12/migration/
[2025-12-04T15:19:20.231+0600] {logging_mixin.py:151} WARNING - /Users/nursultantolegen/projectdata/.venv/lib/python3.10/site-packages/airflow/serialization/pydantic/dataset.py:74 PydanticDeprecatedSince20: Support for class-based `config` is deprecated, use ConfigDict instead. Deprecated in Pydantic V2.0 to be removed in V3.0. See Pydantic V2 Migration Guide at https://errors.pydantic.dev/2.12/migration/
[2025-12-04T15:19:20.232+0600] {logging_mixin.py:151} WARNING - /Users/nursultantolegen/projectdata/.venv/lib/python3.10/site-packages/airflow/serialization/pydantic/dag_run.py:26 PydanticDeprecatedSince20: Support for class-based `config` is deprecated, use ConfigDict instead. Deprecated in Pydantic V2.0 to be removed in V3.0. See Pydantic V2 Migration Guide at https://errors.pydantic.dev/2.12/migration/
[2025-12-04T15:19:20.233+0600] {processor.py:839} INFO - DAG(s) dict_keys(['example_complex']) retrieved from /Users/nursultantolegen/projectdata/.venv/lib/python3.10/site-packages/airflow/example_dags/example_complex.py
[2025-12-04T15:19:20.246+0600] {logging_mixin.py:151} WARNING - /Users/nursultantolegen/projectdata/.venv/lib/python3.10/site-packages/airflow/serialization/pydantic/taskinstance.py:27 PydanticDeprecatedSince20: Support for class-based `config` is deprecated, use ConfigDict instead. Deprecated in Pydantic V2.0 to be removed in V3.0. See Pydantic V2 Migration Guide at https://errors.pydantic.dev/2.12/migration/
[2025-12-04T15:19:20.310+0600] {logging_mixin.py:151} INFO - [2025-12-04T15:19:20.310+0600] {dag.py:2915} INFO - Sync 1 DAGs
[2025-12-04T15:19:20.315+0600] {logging_mixin.py:151} INFO - [2025-12-04T15:19:20.315+0600] {dag.py:3696} INFO - Setting next_dagrun for example_complex to None, run_after=None
[2025-12-04T15:19:20.324+0600] {processor.py:179} INFO - Processing /Users/nursultantolegen/projectdata/.venv/lib/python3.10/site-packages/airflow/example_dags/example_complex.py took 0.106 seconds
[2025-12-04T15:19:48.229+0600] {processor.py:157} INFO - Started process (PID=12232) to work on /Users/nursultantolegen/projectdata/.venv/lib/python3.10/site-packages/airflow/example_dags/example_complex.py
[2025-12-04T15:19:48.229+0600] {processor.py:829} INFO - Processing file /Users/nursultantolegen/projectdata/.venv/lib/python3.10/site-packages/airflow/example_dags/example_complex.py for tasks to queue
[2025-12-04T15:19:48.230+0600] {logging_mixin.py:151} INFO - [2025-12-04T15:19:48.229+0600] {dagbag.py:539} INFO - Filling up the DagBag from /Users/nursultantolegen/projectdata/.venv/lib/python3.10/site-packages/airflow/example_dags/example_complex.py
[2025-12-04T15:19:48.239+0600] {logging_mixin.py:151} WARNING - /Users/nursultantolegen/projectdata/.venv/lib/python3.10/site-packages/airflow/serialization/pydantic/dataset.py:23 PydanticDeprecatedSince20: Support for class-based `config` is deprecated, use ConfigDict instead. Deprecated in Pydantic V2.0 to be removed in V3.0. See Pydantic V2 Migration Guide at https://errors.pydantic.dev/2.12/migration/
[2025-12-04T15:19:48.240+0600] {logging_mixin.py:151} WARNING - /Users/nursultantolegen/projectdata/.venv/lib/python3.10/site-packages/airflow/serialization/pydantic/dataset.py:38 PydanticDeprecatedSince20: Support for class-based `config` is deprecated, use ConfigDict instead. Deprecated in Pydantic V2.0 to be removed in V3.0. See Pydantic V2 Migration Guide at https://errors.pydantic.dev/2.12/migration/
[2025-12-04T15:19:48.240+0600] {logging_mixin.py:151} WARNING - /Users/nursultantolegen/projectdata/.venv/lib/python3.10/site-packages/airflow/serialization/pydantic/dataset.py:54 PydanticDeprecatedSince20: Support for class-based `config` is deprecated, use ConfigDict instead. Deprecated in Pydantic V2.0 to be removed in V3.0. See Pydantic V2 Migration Guide at https://errors.pydantic.dev/2.12/migration/
[2025-12-04T15:19:48.241+0600] {logging_mixin.py:151} WARNING - /Users/nursultantolegen/projectdata/.venv/lib/python3.10/site-packages/airflow/serialization/pydantic/dataset.py:74 PydanticDeprecatedSince20: Support for class-based `config` is deprecated, use ConfigDict instead. Deprecated in Pydantic V2.0 to be removed in V3.0. See Pydantic V2 Migration Guide at https://errors.pydantic.dev/2.12/migration/
[2025-12-04T15:19:48.242+0600] {logging_mixin.py:151} WARNING - /Users/nursultantolegen/projectdata/.venv/lib/python3.10/site-packages/airflow/serialization/pydantic/dag_run.py:26 PydanticDeprecatedSince20: Support for class-based `config` is deprecated, use ConfigDict instead. Deprecated in Pydantic V2.0 to be removed in V3.0. See Pydantic V2 Migration Guide at https://errors.pydantic.dev/2.12/migration/
[2025-12-04T15:19:48.243+0600] {processor.py:839} INFO - DAG(s) dict_keys(['example_complex']) retrieved from /Users/nursultantolegen/projectdata/.venv/lib/python3.10/site-packages/airflow/example_dags/example_complex.py
[2025-12-04T15:19:48.254+0600] {logging_mixin.py:151} WARNING - /Users/nursultantolegen/projectdata/.venv/lib/python3.10/site-packages/airflow/serialization/pydantic/taskinstance.py:27 PydanticDeprecatedSince20: Support for class-based `config` is deprecated, use ConfigDict instead. Deprecated in Pydantic V2.0 to be removed in V3.0. See Pydantic V2 Migration Guide at https://errors.pydantic.dev/2.12/migration/
[2025-12-04T15:19:48.312+0600] {logging_mixin.py:151} INFO - [2025-12-04T15:19:48.312+0600] {dag.py:2915} INFO - Sync 1 DAGs
[2025-12-04T15:19:48.316+0600] {logging_mixin.py:151} INFO - [2025-12-04T15:19:48.316+0600] {dag.py:3696} INFO - Setting next_dagrun for example_complex to None, run_after=None
[2025-12-04T15:19:48.324+0600] {processor.py:179} INFO - Processing /Users/nursultantolegen/projectdata/.venv/lib/python3.10/site-packages/airflow/example_dags/example_complex.py took 0.096 seconds
[2025-12-04T22:45:12.312+0600] {processor.py:157} INFO - Started process (PID=30486) to work on /Users/nursultantolegen/projectdata/.venv/lib/python3.10/site-packages/airflow/example_dags/example_complex.py
[2025-12-04T22:45:12.313+0600] {processor.py:829} INFO - Processing file /Users/nursultantolegen/projectdata/.venv/lib/python3.10/site-packages/airflow/example_dags/example_complex.py for tasks to queue
[2025-12-04T22:45:12.313+0600] {logging_mixin.py:151} INFO - [2025-12-04T22:45:12.313+0600] {dagbag.py:539} INFO - Filling up the DagBag from /Users/nursultantolegen/projectdata/.venv/lib/python3.10/site-packages/airflow/example_dags/example_complex.py
[2025-12-04T22:45:12.321+0600] {logging_mixin.py:151} WARNING - /Users/nursultantolegen/projectdata/.venv/lib/python3.10/site-packages/airflow/serialization/pydantic/dataset.py:23 PydanticDeprecatedSince20: Support for class-based `config` is deprecated, use ConfigDict instead. Deprecated in Pydantic V2.0 to be removed in V3.0. See Pydantic V2 Migration Guide at https://errors.pydantic.dev/2.12/migration/
[2025-12-04T22:45:12.322+0600] {logging_mixin.py:151} WARNING - /Users/nursultantolegen/projectdata/.venv/lib/python3.10/site-packages/airflow/serialization/pydantic/dataset.py:38 PydanticDeprecatedSince20: Support for class-based `config` is deprecated, use ConfigDict instead. Deprecated in Pydantic V2.0 to be removed in V3.0. See Pydantic V2 Migration Guide at https://errors.pydantic.dev/2.12/migration/
[2025-12-04T22:45:12.323+0600] {logging_mixin.py:151} WARNING - /Users/nursultantolegen/projectdata/.venv/lib/python3.10/site-packages/airflow/serialization/pydantic/dataset.py:54 PydanticDeprecatedSince20: Support for class-based `config` is deprecated, use ConfigDict instead. Deprecated in Pydantic V2.0 to be removed in V3.0. See Pydantic V2 Migration Guide at https://errors.pydantic.dev/2.12/migration/
[2025-12-04T22:45:12.324+0600] {logging_mixin.py:151} WARNING - /Users/nursultantolegen/projectdata/.venv/lib/python3.10/site-packages/airflow/serialization/pydantic/dataset.py:74 PydanticDeprecatedSince20: Support for class-based `config` is deprecated, use ConfigDict instead. Deprecated in Pydantic V2.0 to be removed in V3.0. See Pydantic V2 Migration Guide at https://errors.pydantic.dev/2.12/migration/
[2025-12-04T22:45:12.324+0600] {logging_mixin.py:151} WARNING - /Users/nursultantolegen/projectdata/.venv/lib/python3.10/site-packages/airflow/serialization/pydantic/dag_run.py:26 PydanticDeprecatedSince20: Support for class-based `config` is deprecated, use ConfigDict instead. Deprecated in Pydantic V2.0 to be removed in V3.0. See Pydantic V2 Migration Guide at https://errors.pydantic.dev/2.12/migration/
[2025-12-04T22:45:12.326+0600] {processor.py:839} INFO - DAG(s) dict_keys(['example_complex']) retrieved from /Users/nursultantolegen/projectdata/.venv/lib/python3.10/site-packages/airflow/example_dags/example_complex.py
[2025-12-04T22:45:12.336+0600] {logging_mixin.py:151} WARNING - /Users/nursultantolegen/projectdata/.venv/lib/python3.10/site-packages/airflow/serialization/pydantic/taskinstance.py:27 PydanticDeprecatedSince20: Support for class-based `config` is deprecated, use ConfigDict instead. Deprecated in Pydantic V2.0 to be removed in V3.0. See Pydantic V2 Migration Guide at https://errors.pydantic.dev/2.12/migration/
[2025-12-04T22:45:12.392+0600] {logging_mixin.py:151} INFO - [2025-12-04T22:45:12.392+0600] {dag.py:2915} INFO - Sync 1 DAGs
[2025-12-04T22:45:12.395+0600] {logging_mixin.py:151} INFO - [2025-12-04T22:45:12.395+0600] {dag.py:3696} INFO - Setting next_dagrun for example_complex to None, run_after=None
[2025-12-04T22:45:12.402+0600] {processor.py:179} INFO - Processing /Users/nursultantolegen/projectdata/.venv/lib/python3.10/site-packages/airflow/example_dags/example_complex.py took 0.090 seconds
[2025-12-04T22:48:11.511+0600] {processor.py:157} INFO - Started process (PID=31089) to work on /Users/nursultantolegen/projectdata/.venv/lib/python3.10/site-packages/airflow/example_dags/example_complex.py
[2025-12-04T22:48:11.512+0600] {processor.py:829} INFO - Processing file /Users/nursultantolegen/projectdata/.venv/lib/python3.10/site-packages/airflow/example_dags/example_complex.py for tasks to queue
[2025-12-04T22:48:11.512+0600] {logging_mixin.py:151} INFO - [2025-12-04T22:48:11.512+0600] {dagbag.py:539} INFO - Filling up the DagBag from /Users/nursultantolegen/projectdata/.venv/lib/python3.10/site-packages/airflow/example_dags/example_complex.py
[2025-12-04T22:48:11.521+0600] {logging_mixin.py:151} WARNING - /Users/nursultantolegen/projectdata/.venv/lib/python3.10/site-packages/airflow/serialization/pydantic/dataset.py:23 PydanticDeprecatedSince20: Support for class-based `config` is deprecated, use ConfigDict instead. Deprecated in Pydantic V2.0 to be removed in V3.0. See Pydantic V2 Migration Guide at https://errors.pydantic.dev/2.12/migration/
[2025-12-04T22:48:11.522+0600] {logging_mixin.py:151} WARNING - /Users/nursultantolegen/projectdata/.venv/lib/python3.10/site-packages/airflow/serialization/pydantic/dataset.py:38 PydanticDeprecatedSince20: Support for class-based `config` is deprecated, use ConfigDict instead. Deprecated in Pydantic V2.0 to be removed in V3.0. See Pydantic V2 Migration Guide at https://errors.pydantic.dev/2.12/migration/
[2025-12-04T22:48:11.523+0600] {logging_mixin.py:151} WARNING - /Users/nursultantolegen/projectdata/.venv/lib/python3.10/site-packages/airflow/serialization/pydantic/dataset.py:54 PydanticDeprecatedSince20: Support for class-based `config` is deprecated, use ConfigDict instead. Deprecated in Pydantic V2.0 to be removed in V3.0. See Pydantic V2 Migration Guide at https://errors.pydantic.dev/2.12/migration/
[2025-12-04T22:48:11.523+0600] {logging_mixin.py:151} WARNING - /Users/nursultantolegen/projectdata/.venv/lib/python3.10/site-packages/airflow/serialization/pydantic/dataset.py:74 PydanticDeprecatedSince20: Support for class-based `config` is deprecated, use ConfigDict instead. Deprecated in Pydantic V2.0 to be removed in V3.0. See Pydantic V2 Migration Guide at https://errors.pydantic.dev/2.12/migration/
[2025-12-04T22:48:11.524+0600] {logging_mixin.py:151} WARNING - /Users/nursultantolegen/projectdata/.venv/lib/python3.10/site-packages/airflow/serialization/pydantic/dag_run.py:26 PydanticDeprecatedSince20: Support for class-based `config` is deprecated, use ConfigDict instead. Deprecated in Pydantic V2.0 to be removed in V3.0. See Pydantic V2 Migration Guide at https://errors.pydantic.dev/2.12/migration/
[2025-12-04T22:48:11.526+0600] {processor.py:839} INFO - DAG(s) dict_keys(['example_complex']) retrieved from /Users/nursultantolegen/projectdata/.venv/lib/python3.10/site-packages/airflow/example_dags/example_complex.py
[2025-12-04T22:48:11.537+0600] {logging_mixin.py:151} WARNING - /Users/nursultantolegen/projectdata/.venv/lib/python3.10/site-packages/airflow/serialization/pydantic/taskinstance.py:27 PydanticDeprecatedSince20: Support for class-based `config` is deprecated, use ConfigDict instead. Deprecated in Pydantic V2.0 to be removed in V3.0. See Pydantic V2 Migration Guide at https://errors.pydantic.dev/2.12/migration/
[2025-12-04T22:48:11.595+0600] {logging_mixin.py:151} INFO - [2025-12-04T22:48:11.595+0600] {dag.py:2915} INFO - Sync 1 DAGs
[2025-12-04T22:48:11.599+0600] {logging_mixin.py:151} INFO - [2025-12-04T22:48:11.599+0600] {dag.py:3696} INFO - Setting next_dagrun for example_complex to None, run_after=None
[2025-12-04T22:48:11.606+0600] {processor.py:179} INFO - Processing /Users/nursultantolegen/projectdata/.venv/lib/python3.10/site-packages/airflow/example_dags/example_complex.py took 0.096 seconds
[2025-12-04T22:49:48.896+0600] {processor.py:157} INFO - Started process (PID=31402) to work on /Users/nursultantolegen/projectdata/.venv/lib/python3.10/site-packages/airflow/example_dags/example_complex.py
[2025-12-04T22:49:48.896+0600] {processor.py:829} INFO - Processing file /Users/nursultantolegen/projectdata/.venv/lib/python3.10/site-packages/airflow/example_dags/example_complex.py for tasks to queue
[2025-12-04T22:49:48.896+0600] {logging_mixin.py:151} INFO - [2025-12-04T22:49:48.896+0600] {dagbag.py:539} INFO - Filling up the DagBag from /Users/nursultantolegen/projectdata/.venv/lib/python3.10/site-packages/airflow/example_dags/example_complex.py
[2025-12-04T22:49:48.905+0600] {logging_mixin.py:151} WARNING - /Users/nursultantolegen/projectdata/.venv/lib/python3.10/site-packages/airflow/serialization/pydantic/dataset.py:23 PydanticDeprecatedSince20: Support for class-based `config` is deprecated, use ConfigDict instead. Deprecated in Pydantic V2.0 to be removed in V3.0. See Pydantic V2 Migration Guide at https://errors.pydantic.dev/2.12/migration/
[2025-12-04T22:49:48.906+0600] {logging_mixin.py:151} WARNING - /Users/nursultantolegen/projectdata/.venv/lib/python3.10/site-packages/airflow/serialization/pydantic/dataset.py:38 PydanticDeprecatedSince20: Support for class-based `config` is deprecated, use ConfigDict instead. Deprecated in Pydantic V2.0 to be removed in V3.0. See Pydantic V2 Migration Guide at https://errors.pydantic.dev/2.12/migration/
[2025-12-04T22:49:48.907+0600] {logging_mixin.py:151} WARNING - /Users/nursultantolegen/projectdata/.venv/lib/python3.10/site-packages/airflow/serialization/pydantic/dataset.py:54 PydanticDeprecatedSince20: Support for class-based `config` is deprecated, use ConfigDict instead. Deprecated in Pydantic V2.0 to be removed in V3.0. See Pydantic V2 Migration Guide at https://errors.pydantic.dev/2.12/migration/
[2025-12-04T22:49:48.907+0600] {logging_mixin.py:151} WARNING - /Users/nursultantolegen/projectdata/.venv/lib/python3.10/site-packages/airflow/serialization/pydantic/dataset.py:74 PydanticDeprecatedSince20: Support for class-based `config` is deprecated, use ConfigDict instead. Deprecated in Pydantic V2.0 to be removed in V3.0. See Pydantic V2 Migration Guide at https://errors.pydantic.dev/2.12/migration/
[2025-12-04T22:49:48.908+0600] {logging_mixin.py:151} WARNING - /Users/nursultantolegen/projectdata/.venv/lib/python3.10/site-packages/airflow/serialization/pydantic/dag_run.py:26 PydanticDeprecatedSince20: Support for class-based `config` is deprecated, use ConfigDict instead. Deprecated in Pydantic V2.0 to be removed in V3.0. See Pydantic V2 Migration Guide at https://errors.pydantic.dev/2.12/migration/
[2025-12-04T22:49:48.910+0600] {processor.py:839} INFO - DAG(s) dict_keys(['example_complex']) retrieved from /Users/nursultantolegen/projectdata/.venv/lib/python3.10/site-packages/airflow/example_dags/example_complex.py
[2025-12-04T22:49:48.921+0600] {logging_mixin.py:151} WARNING - /Users/nursultantolegen/projectdata/.venv/lib/python3.10/site-packages/airflow/serialization/pydantic/taskinstance.py:27 PydanticDeprecatedSince20: Support for class-based `config` is deprecated, use ConfigDict instead. Deprecated in Pydantic V2.0 to be removed in V3.0. See Pydantic V2 Migration Guide at https://errors.pydantic.dev/2.12/migration/
[2025-12-04T22:49:48.977+0600] {logging_mixin.py:151} INFO - [2025-12-04T22:49:48.977+0600] {dag.py:2915} INFO - Sync 1 DAGs
[2025-12-04T22:49:48.980+0600] {logging_mixin.py:151} INFO - [2025-12-04T22:49:48.980+0600] {dag.py:3696} INFO - Setting next_dagrun for example_complex to None, run_after=None
[2025-12-04T22:49:48.987+0600] {processor.py:179} INFO - Processing /Users/nursultantolegen/projectdata/.venv/lib/python3.10/site-packages/airflow/example_dags/example_complex.py took 0.092 seconds
