[2025-12-04T22:44:07.559+0600] {processor.py:157} INFO - Started process (PID=30253) to work on /Users/nursultantolegen/projectdata/dags/airflow_dag.py
[2025-12-04T22:44:07.560+0600] {processor.py:829} INFO - Processing file /Users/nursultantolegen/projectdata/dags/airflow_dag.py for tasks to queue
[2025-12-04T22:44:07.560+0600] {logging_mixin.py:151} INFO - [2025-12-04T22:44:07.560+0600] {dagbag.py:539} INFO - Filling up the DagBag from /Users/nursultantolegen/projectdata/dags/airflow_dag.py
[2025-12-04T22:44:07.560+0600] {processor.py:841} WARNING - No viable dags retrieved from /Users/nursultantolegen/projectdata/dags/airflow_dag.py
[2025-12-04T22:44:07.567+0600] {logging_mixin.py:151} WARNING - /Users/nursultantolegen/projectdata/.venv/lib/python3.10/site-packages/airflow/serialization/pydantic/dataset.py:23 PydanticDeprecatedSince20: Support for class-based `config` is deprecated, use ConfigDict instead. Deprecated in Pydantic V2.0 to be removed in V3.0. See Pydantic V2 Migration Guide at https://errors.pydantic.dev/2.12/migration/
[2025-12-04T22:44:07.568+0600] {logging_mixin.py:151} WARNING - /Users/nursultantolegen/projectdata/.venv/lib/python3.10/site-packages/airflow/serialization/pydantic/dataset.py:38 PydanticDeprecatedSince20: Support for class-based `config` is deprecated, use ConfigDict instead. Deprecated in Pydantic V2.0 to be removed in V3.0. See Pydantic V2 Migration Guide at https://errors.pydantic.dev/2.12/migration/
[2025-12-04T22:44:07.573+0600] {logging_mixin.py:151} WARNING - /Users/nursultantolegen/projectdata/.venv/lib/python3.10/site-packages/airflow/serialization/pydantic/dataset.py:54 PydanticDeprecatedSince20: Support for class-based `config` is deprecated, use ConfigDict instead. Deprecated in Pydantic V2.0 to be removed in V3.0. See Pydantic V2 Migration Guide at https://errors.pydantic.dev/2.12/migration/
[2025-12-04T22:44:07.574+0600] {logging_mixin.py:151} WARNING - /Users/nursultantolegen/projectdata/.venv/lib/python3.10/site-packages/airflow/serialization/pydantic/dataset.py:74 PydanticDeprecatedSince20: Support for class-based `config` is deprecated, use ConfigDict instead. Deprecated in Pydantic V2.0 to be removed in V3.0. See Pydantic V2 Migration Guide at https://errors.pydantic.dev/2.12/migration/
[2025-12-04T22:44:07.575+0600] {logging_mixin.py:151} WARNING - /Users/nursultantolegen/projectdata/.venv/lib/python3.10/site-packages/airflow/serialization/pydantic/dag_run.py:26 PydanticDeprecatedSince20: Support for class-based `config` is deprecated, use ConfigDict instead. Deprecated in Pydantic V2.0 to be removed in V3.0. See Pydantic V2 Migration Guide at https://errors.pydantic.dev/2.12/migration/
[2025-12-04T22:44:07.590+0600] {logging_mixin.py:151} WARNING - /Users/nursultantolegen/projectdata/.venv/lib/python3.10/site-packages/airflow/serialization/pydantic/taskinstance.py:27 PydanticDeprecatedSince20: Support for class-based `config` is deprecated, use ConfigDict instead. Deprecated in Pydantic V2.0 to be removed in V3.0. See Pydantic V2 Migration Guide at https://errors.pydantic.dev/2.12/migration/
[2025-12-04T22:44:07.622+0600] {processor.py:179} INFO - Processing /Users/nursultantolegen/projectdata/dags/airflow_dag.py took 0.063 seconds
[2025-12-04T22:45:25.974+0600] {processor.py:157} INFO - Started process (PID=30530) to work on /Users/nursultantolegen/projectdata/dags/airflow_dag.py
[2025-12-04T22:45:25.974+0600] {processor.py:829} INFO - Processing file /Users/nursultantolegen/projectdata/dags/airflow_dag.py for tasks to queue
[2025-12-04T22:45:25.974+0600] {logging_mixin.py:151} INFO - [2025-12-04T22:45:25.974+0600] {dagbag.py:539} INFO - Filling up the DagBag from /Users/nursultantolegen/projectdata/dags/airflow_dag.py
[2025-12-04T22:45:25.975+0600] {processor.py:841} WARNING - No viable dags retrieved from /Users/nursultantolegen/projectdata/dags/airflow_dag.py
[2025-12-04T22:45:25.982+0600] {logging_mixin.py:151} WARNING - /Users/nursultantolegen/projectdata/.venv/lib/python3.10/site-packages/airflow/serialization/pydantic/dataset.py:23 PydanticDeprecatedSince20: Support for class-based `config` is deprecated, use ConfigDict instead. Deprecated in Pydantic V2.0 to be removed in V3.0. See Pydantic V2 Migration Guide at https://errors.pydantic.dev/2.12/migration/
[2025-12-04T22:45:25.983+0600] {logging_mixin.py:151} WARNING - /Users/nursultantolegen/projectdata/.venv/lib/python3.10/site-packages/airflow/serialization/pydantic/dataset.py:38 PydanticDeprecatedSince20: Support for class-based `config` is deprecated, use ConfigDict instead. Deprecated in Pydantic V2.0 to be removed in V3.0. See Pydantic V2 Migration Guide at https://errors.pydantic.dev/2.12/migration/
[2025-12-04T22:45:25.984+0600] {logging_mixin.py:151} WARNING - /Users/nursultantolegen/projectdata/.venv/lib/python3.10/site-packages/airflow/serialization/pydantic/dataset.py:54 PydanticDeprecatedSince20: Support for class-based `config` is deprecated, use ConfigDict instead. Deprecated in Pydantic V2.0 to be removed in V3.0. See Pydantic V2 Migration Guide at https://errors.pydantic.dev/2.12/migration/
[2025-12-04T22:45:25.984+0600] {logging_mixin.py:151} WARNING - /Users/nursultantolegen/projectdata/.venv/lib/python3.10/site-packages/airflow/serialization/pydantic/dataset.py:74 PydanticDeprecatedSince20: Support for class-based `config` is deprecated, use ConfigDict instead. Deprecated in Pydantic V2.0 to be removed in V3.0. See Pydantic V2 Migration Guide at https://errors.pydantic.dev/2.12/migration/
[2025-12-04T22:45:25.985+0600] {logging_mixin.py:151} WARNING - /Users/nursultantolegen/projectdata/.venv/lib/python3.10/site-packages/airflow/serialization/pydantic/dag_run.py:26 PydanticDeprecatedSince20: Support for class-based `config` is deprecated, use ConfigDict instead. Deprecated in Pydantic V2.0 to be removed in V3.0. See Pydantic V2 Migration Guide at https://errors.pydantic.dev/2.12/migration/
[2025-12-04T22:45:25.997+0600] {logging_mixin.py:151} WARNING - /Users/nursultantolegen/projectdata/.venv/lib/python3.10/site-packages/airflow/serialization/pydantic/taskinstance.py:27 PydanticDeprecatedSince20: Support for class-based `config` is deprecated, use ConfigDict instead. Deprecated in Pydantic V2.0 to be removed in V3.0. See Pydantic V2 Migration Guide at https://errors.pydantic.dev/2.12/migration/
[2025-12-04T22:45:26.026+0600] {processor.py:179} INFO - Processing /Users/nursultantolegen/projectdata/dags/airflow_dag.py took 0.054 seconds
[2025-12-04T23:44:59.557+0600] {processor.py:157} INFO - Started process (PID=38749) to work on /Users/nursultantolegen/projectdata/dags/airflow_dag.py
[2025-12-04T23:44:59.558+0600] {processor.py:829} INFO - Processing file /Users/nursultantolegen/projectdata/dags/airflow_dag.py for tasks to queue
[2025-12-04T23:44:59.558+0600] {logging_mixin.py:151} INFO - [2025-12-04T23:44:59.558+0600] {dagbag.py:539} INFO - Filling up the DagBag from /Users/nursultantolegen/projectdata/dags/airflow_dag.py
[2025-12-04T23:44:59.565+0600] {logging_mixin.py:151} WARNING - /Users/nursultantolegen/projectdata/.venv/lib/python3.10/site-packages/airflow/serialization/pydantic/dataset.py:23 PydanticDeprecatedSince20: Support for class-based `config` is deprecated, use ConfigDict instead. Deprecated in Pydantic V2.0 to be removed in V3.0. See Pydantic V2 Migration Guide at https://errors.pydantic.dev/2.12/migration/
[2025-12-04T23:44:59.566+0600] {logging_mixin.py:151} WARNING - /Users/nursultantolegen/projectdata/.venv/lib/python3.10/site-packages/airflow/serialization/pydantic/dataset.py:38 PydanticDeprecatedSince20: Support for class-based `config` is deprecated, use ConfigDict instead. Deprecated in Pydantic V2.0 to be removed in V3.0. See Pydantic V2 Migration Guide at https://errors.pydantic.dev/2.12/migration/
[2025-12-04T23:44:59.567+0600] {logging_mixin.py:151} WARNING - /Users/nursultantolegen/projectdata/.venv/lib/python3.10/site-packages/airflow/serialization/pydantic/dataset.py:54 PydanticDeprecatedSince20: Support for class-based `config` is deprecated, use ConfigDict instead. Deprecated in Pydantic V2.0 to be removed in V3.0. See Pydantic V2 Migration Guide at https://errors.pydantic.dev/2.12/migration/
[2025-12-04T23:44:59.568+0600] {logging_mixin.py:151} WARNING - /Users/nursultantolegen/projectdata/.venv/lib/python3.10/site-packages/airflow/serialization/pydantic/dataset.py:74 PydanticDeprecatedSince20: Support for class-based `config` is deprecated, use ConfigDict instead. Deprecated in Pydantic V2.0 to be removed in V3.0. See Pydantic V2 Migration Guide at https://errors.pydantic.dev/2.12/migration/
[2025-12-04T23:44:59.569+0600] {logging_mixin.py:151} WARNING - /Users/nursultantolegen/projectdata/.venv/lib/python3.10/site-packages/airflow/serialization/pydantic/dag_run.py:26 PydanticDeprecatedSince20: Support for class-based `config` is deprecated, use ConfigDict instead. Deprecated in Pydantic V2.0 to be removed in V3.0. See Pydantic V2 Migration Guide at https://errors.pydantic.dev/2.12/migration/
[2025-12-04T23:44:59.589+0600] {processor.py:839} INFO - DAG(s) dict_keys(['yahoo_most_active_pipeline']) retrieved from /Users/nursultantolegen/projectdata/dags/airflow_dag.py
[2025-12-04T23:44:59.601+0600] {logging_mixin.py:151} WARNING - /Users/nursultantolegen/projectdata/.venv/lib/python3.10/site-packages/airflow/serialization/pydantic/taskinstance.py:27 PydanticDeprecatedSince20: Support for class-based `config` is deprecated, use ConfigDict instead. Deprecated in Pydantic V2.0 to be removed in V3.0. See Pydantic V2 Migration Guide at https://errors.pydantic.dev/2.12/migration/
[2025-12-04T23:44:59.612+0600] {logging_mixin.py:151} INFO - [2025-12-04T23:44:59.611+0600] {dag.py:2915} INFO - Sync 1 DAGs
[2025-12-04T23:44:59.671+0600] {processor.py:179} INFO - Processing /Users/nursultantolegen/projectdata/dags/airflow_dag.py took 0.115 seconds
